======= BFS =======
0
1
3
8
9
10
14
17
19
21
28
34
37
41
43
56
66
67
70
71
74
75
86
88
89
94
95
111
112
114
115
116
117
122
123
141
145
150
151
153
154
155
157
159
173
174
177
178
193
195
213
221
222
230
246
248
249
254
255
257
258
259
263
275
289
290
291
295
299
300
303
304
308
329
330
332
345
346
350
369
372
376
378
394
395
415
431
438
453
454
458
461
471
473
482
490
492
502
506
516
518
522
528
533
542
544
553
562
577
585
586
593
595
612
616
622
624
635
636
648
682
696
700
708
709
724
733
735
743
746
752
782
795
803
809
816
820
845
873
887
890
895
943
950
954
957
963
993
1023
1024
1027
1028
1033
1042
1050
1059
1060
1062
1065
1071
1116
1127
1128
1135
1146
1147
1166
1176
1179
1185
1194
1196
1197
1231
1247
1250
1260
1266
1281
1282
1283
1284
1287
1294
1301
1308
1312
1314
1315
1317
1319
1330
1335
1336
1338
1339
1341
1352
1354
1355
1357
1364
1381
1391
1412
1435
1441
1444
1456
1457
1464
1474
1481
1482
1490
1491
1492
1493
1495
1499
1501
1504
1508
1509
1518
1519
1520
1521
1524
1537
1541
1569
1572
1573
1578
1579
1582
1588
1589
1605
1707
1714
1719
1723
1735
1741
1748
1749
1759
1792
1795
1821
1825
1834
1838
1839
1841
1842
1845
1846
1855
1859
1861
1866
1874
1876
1880
1884
1885
1899
1900
1922
1941
1951
2064
2089
2092
2101
2107
2108
2112
2116
2118
2126
2128
2135
2143
2146
2148
2151
2162
2165
2166
2172
2175
2176
2177
2180
2184
2197
2216
2226
2234
2237
2248
2251
2259
2260
2270
2272
2275
2280
2281
2295
2304
2314
2323
2333
2337
2341
2350
2351
2366
2367
2374
2377
2382
2390
2400
2401
2426
2447
2497
2558
2585
2604
2618
2631
2686
2694
2699
2706
2712
2724
2730
2741
2742
2743
2745
2746
2749
2751
2753
2755
2762
2763
2766
2770
2771
2774
2778
2779
2781
2782
2783
2785
2792
2794
2800
2805
2807
2809
2813
2819
2822
2825
2829
2836
2843
2844
2845
2847
2857
2869
2875
2880
2891
2897
2903
2906
2908
2919
2925
2926
2940
2941
2944
2946
2951
2961
2965
2988
2995
2998
2999
3003
3005
3009
3012
3019
3022
3025
3026
3041
3047
3056
3058
3061
3063
3067
3069
3077
3082
3083
3087
3100
3102
3110
3112
3117
3123
3133
3138
3140
3141
3142
3147
3148
3155
3162
3166
3172
3188
3192
3201
3209
3210
3214
3232
3244
3246
3252
3253
3255
3258
3278
3282
3289
3291
3294
3297
3299
3312
3315
3316
3318
3328
3329
3331
3334
3338
3340
3348
3354
3366
3374
3384
3401
3413
3417
3420
3421
4720
7340
7347
7424
7426
7430
7556
7588
7602
2
4
6
7
12
13
15
16
18
20
22
23
24
30
36
38
39
42
44
46
50
51
53
62
64
65
69
73
76
82
84
90
92
96
98
105
106
107
108
110
118
120
125
132
136
138
139
144
147
149
160
163
164
167
181
184
187
188
199
205
208
210
216
218
235
236
237
240
241
250
256
262
267
269
270
271
298
305
311
317
349
352
354
380
381
401
411
419
423
435
445
448
468
470
472
488
503
507
511
531
560
561
563
646
657
671
680
766
768
773
776
786
797
861
870
914
916
985
986
1089
1097
1126
1155
1208
1221
1224
1379
1408
1420
1486
1602
1631
1634
1690
1692
1708
1784
1921
1928
1935
1956
1976
1997
2005
2403
2445
2458
2487
2496
2498
2697
2838
5341
7399
7400
7481
7499
7507
7551
7576
7582
25
83
87
130
135
152
158
176
180
192
201
214
223
226
264
273
301
310
312
322
325
340
355
360
364
365
366
379
385
400
410
418
422
436
465
467
478
500
509
520
530
534
535
537
566
569
571
582
608
625
653
660
663
710
715
717
726
732
767
770
771
772
780
806
839
840
841
847
858
909
917
1002
1008
1009
1037
1053
1084
1085
1086
1087
1090
1106
1107
1108
1138
1217
1229
1232
1238
1263
1269
1321
1397
1414
1601
1610
1614
1620
1633
1635
1641
1677
1701
1736
1815
1907
1908
2000
2001
2016
2023
2102
2200
2404
2438
2441
2453
2464
2466
2467
2484
2491
2510
2708
2739
2867
2996
3355
3773
7326
7549
7568
7581
7595
29
31
32
59
97
121
134
175
196
202
233
266
283
286
294
314
315
328
347
408
442
451
466
512
517
545
546
547
548
588
621
631
686
853
942
976
1022
1047
1162
1285
1286
1291
1469
1471
1477
1483
1713
1720
1724
1725
1733
2121
2123
2127
2138
2140
2144
2478
2726
2759
2769
2776
2780
2818
2991
4933
7333
7386
7387
7517
7533
7536
7563
7564
7567
7599
7600
7601
40
47
48
55
57
61
68
72
91
101
102
129
165
186
189
200
224
225
276
318
319
326
333
382
412
455
477
481
486
491
568
591
613
638
685
694
718
740
913
934
940
945
966
969
974
1017
1030
1039
1043
1077
1110
1136
1145
1149
1306
1323
1326
1423
1429
1535
1549
1561
1672
1761
1771
1796
1966
1980
1987
1991
2178
2187
2189
2203
2214
2249
2518
2557
2581
2777
2786
2956
2985
3013
3121
3134
7398
7437
7511
7594
5
11
33
35
77
78
81
99
104
124
127
161
170
182
197
204
206
215
227
247
252
279
309
344
359
371
397
407
487
549
551
592
679
693
731
734
738
761
798
800
869
941
948
965
1029
1067
1115
1144
1158
1310
1378
1507
1511
1696
1715
1747
1753
1754
1774
1870
1882
1886
2167
2179
2256
2355
2790
2864
2914
2917
3223
3268
3344
4909
6877
7327
7376
7433
7444
7445
7498
7513
7524
7537
7561
7562
7572
7587
7591
7592
7596
54
63
79
85
93
103
113
185
191
229
232
268
278
280
336
351
353
357
368
373
374
375
399
426
437
497
529
557
603
604
650
652
681
697
763
765
823
831
852
896
899
901
904
905
952
983
1069
1073
1074
1133
1161
1201
1204
1207
1248
1350
1384
1385
1386
1389
1392
1395
1470
1595
1598
1872
1890
1893
1894
1902
1903
1904
1905
1920
2286
2288
2292
2311
2335
2416
2421
2425
2427
2430
2431
2432
2433
2435
2436
2632
2827
3090
3119
3285
3368
3371
3381
3406
3409
3426
3427
3429
3430
3432
3433
3436
3437
3438
3441
3442
3446
3447
3450
6920
7160
7309
7311
7320
7324
7329
7334
7365
7367
7368
7378
7392
7414
7559
7579
49
219
242
293
383
541
629
689
728
859
865
867
871
944
953
1129
1163
1169
1270
1304
1305
1476
1525
1563
1702
1799
2085
2090
2096
2105
2117
2198
2199
2227
2246
2689
2692
2709
2757
2802
2960
3052
7371
211
729
891
1041
1268
1300
1770
7546
60
100
109
169
190
209
341
538
637
640
684
702
801
850
868
932
939
1112
1131
1137
1257
1277
1637
1743
2078
2158
2170
2238
2254
2309
2316
2637
2650
2744
2772
2816
7482
7512
7534
7554
7578
26
207
277
495
508
683
884
959
980
982
1045
1055
1148
1187
1793
2384
3263
7425
3440
7383
284
450
617
699
741
792
946
1046
1140
1288
1488
1727
2161
2231
2312
2398
2576
2806
2839
2840
2852
2905
2913
2966
3043
3107
3309
7391
7453
7455
80
172
600
639
692
714
821
862
923
931
991
1064
1289
1358
1617
2154
2240
7402
7525
162
339
441
444
475
513
802
1075
1130
1428
1728
251
356
388
406
1134
1479
1656
1688
1718
1732
1962
2097
2106
2119
2136
2159
2507
2551
2575
2594
2636
2655
2765
421
452
587
614
633
745
751
987
1362
1729
2799
45
456
590
598
626
813
880
883
1104
1167
1363
1530
1536
1802
1803
1806
1827
1865
2261
2271
2296
3023
3028
3098
3120
7335
7597
7598
7603
348
485
744
799
967
1790
2222
2233
2968
131
261
323
361
446
567
649
829
1278
1475
1837
2448
2760
2761
3346
6368
168
203
265
327
774
1099
1416
7393
27
239
302
313
338
479
618
677
910
1010
1683
1940
2036
2045
2625
2684
2695
156
287
396
525
601
701
706
1044
1380
1862
1879
1883
2079
3305
3317
7411
7472
7541
7590
253
405
515
628
698
930
1452
1689
2042
2095
2268
2622
2624
2627
7438
285
404
505
882
2037
7571
171
220
243
244
245
331
390
393
427
463
552
642
665
812
881
1170
1347
1369
1828
1873
1888
2303
2329
2357
2368
2409
2952
3178
3245
3301
3402
5678
7338
7431
7496
7547
7573
7580
7583
140
498
524
647
703
1552
2410
2411
2415
3378
3386
3403
3424
523
747
3030
133
316
501
659
1606
334
434
1184
1342
1543
1568
2301
2363
3212
3219
3250
7389
58
335
584
705
956
1190
1814
2361
2375
2386
3136
3284
7420
409
1313
1316
1331
1487
1757
2147
2192
2209
2701
2804
2907
2910
2930
2932
527
602
764
1591
662
1375
1670
1810
1820
7539
7555
52
297
519
641
749
814
1032
1168
1819
2139
2298
644
1038
1769
1778
2228
2235
198
540
762
1500
1506
1851
2196
2218
2225
2893
2933
2938
212
217
260
807
838
2392
2970
3276
3337
7339
907
1627
402
424
440
875
7410
7497
148
543
1467
2713
3168
288
430
484
691
1026
1031
1276
1494
2155
2376
2823
903
3385
951
1844
579
1159
7342
292
367
403
1964
3515
126
433
704
981
1273
1353
1529
1556
1811
1812
1813
2300
2322
2354
3332
5388
7520
321
581
594
1603
3016
7382
7526
128
711
1153
1954
2977
2982
3113
554
655
695
1779
1794
119
320
897
1585
1889
2417
3379
623
1996
1694
228
429
1066
1574
1863
3229
234
1367
1587
3419
2522
1684
1726
1739
7374
1738
1969
2789
2791
634
1497
1534
1786
2052
7552
1801
779
1368
1510
2958
804
2125
2193
555
489
2387
2343
893
343
480
2032
2046
2065
3105
391
2798
1021
1366
1374
2784
758
1371
3171
3273
3333
2053
7508
7528
2815
938
1593
1892
1923
3068
3145
7337
362
398
3412
961
1165
1539
1070
3300
1401
753
143
1877
3325
1234
1651
2479
474
668
1911
2900
2936
2993
387
1220
1320
1387
1513
1621
1751
2232
565
1984
2103
7370
2898
370
1340
420
676
1209
2315
2528
911
2459
2473
2858
791
414
599
443
2026
2752
3356
1581
384
737
619
1468
2912
1191
889
1555
7442
832
573
1660
2006
2578
1279
183
1516
1019
2338
892
3161
7503
7574
936
1172
432
1052
2224
3262
459
1439
1642
2503
1249
342
1256
1709
2711
1119
142
3224
521
1797
716
7505
2428
1496
7565
493
596
2659
2080
3362
2736
1195
2793
643
504
1139
1157
1448
1472
1478
1722
2111
2171
2747
2788
7423
556
589
620
645
690
719
748
754
756
817
876
878
885
968
970
972
973
975
1035
1058
1173
1174
1183
1337
1346
1359
1360
1361
1455
1458
1522
1523
1544
1546
1547
1554
1557
1559
1575
1789
1817
1823
1831
1833
1835
1836
1848
1852
2262
2279
2284
2289
2290
2294
2297
2299
2305
2307
2310
2320
2327
2330
2331
2345
2352
2902
3048
3086
3104
3126
3131
3153
3180
3197
3199
3202
3220
3259
3274
3327
7379
7405
337
824
825
978
1175
1193
1372
1377
1550
1818
1853
1858
1867
1871
2332
2334
2353
2359
2362
2385
2394
2396
2407
3008
3132
3205
3230
3235
3306
3308
3335
7422
7432
7443
7446
7456
7476
7478
7479
7484
7502
7509
7515
7521
7522
7531
7543
7558
7577
7584
416
428
483
496
742
808
877
955
979
1056
1063
1150
1151
1152
1177
1307
1309
1324
1345
1498
1515
1648
1730
1756
1767
1781
1783
2141
2191
2208
2210
2306
2360
2380
2865
2868
2888
2921
2922
2980
2986
3001
3010
3018
3051
3144
3176
3350
3377
7397
7416
7441
7483
7500
7504
7506
7527
7553
7557
7566
7585
7589
7593
146
392
457
499
526
664
757
811
960
1040
1103
1178
1253
1297
1517
1565
1570
1577
1583
1787
1864
1895
2030
2252
2383
2388
2820
2920
2954
3017
3027
3115
3128
3130
3158
3399
4016
5445
6791
7344
7346
7349
7350
7351
7352
7353
7354
7355
7356
7357
7358
7359
7360
7361
7380
7381
7407
7434
7458
7469
7470
7471
7473
7474
7485
7486
7487
7488
7489
7490
7491
7492
7493
7494
7495
7542
658
964
1048
1049
1051
1171
1181
1334
1393
1527
1528
1531
1532
1533
1758
1766
1807
1809
1816
1830
2242
2265
2266
2267
2269
2274
2276
2277
2278
2282
2283
2287
2319
3035
3036
3037
3038
3040
3044
3045
3046
3049
3050
3053
3055
3059
3060
3071
3072
3074
3075
3088
3118
3143
3179
3240
3369
7396
7428
7477
7548
1255
1292
1332
1480
2133
2134
2137
2145
2156
2795
2803
2811
2812
2817
2824
4056
137
469
536
564
606
654
778
849
925
992
1082
1092
1211
1325
1406
1426
1609
1639
1663
1909
1913
1916
1924
1982
2002
2076
2205
2339
2444
2555
2564
2929
2943
2949
2953
3193
7586
727
933
1299
1303
1489
1731
1734
1745
2124
2142
2737
2796
5139
7409
550
707
1198
1373
1580
1881
3184
3363
3372
7390
578
915
1003
1296
1985
2485
2519
2758
166
439
712
769
842
843
844
846
1079
1081
1225
1399
1400
1600
1612
1910
1918
2437
2440
2442
2446
307
3146
1154
1164
1763
1775
1791
1829
2195
2979
3042
3070
3081
7550
2976
296
609
656
989
1018
1398
1925
7447
514
783
784
1000
1124
1275
2015
2069
2104
2110
2629
2872
7532
605
988
1076
1213
1223
1242
1599
1716
1717
2313
2530
2890
2918
3032
750
1327
1567
1777
1782
1898
2077
2935
5391
7377
532
864
919
1105
1403
1622
1927
1932
1942
1946
2501
2540
7394
7519
7570
7575
1808
2132
2149
2150
2797
2801
2878
2886
7388
2194
2885
2892
2895
2901
2556
874
898
1094
2452
2482
1459
1661
1938
1983
2017
2070
2543
2681
7569
1241
1645
2593
2850
2855
231
2174
1016
1258
1262
1447
1604
1619
1647
856
937
1117
2666
389
2959
2372
2950
3414
7427
1083
1664
7545
3170
3283
3411
7341
7467
7468
7514
272
918
924
1705
7450
1618
1657
1992
2018
2454
2472
2623
2040
1057
1419
1776
1098
1682
1742
1950
2004
2609
2662
2841
667
669
721
921
998
1427
1430
1929
7523
7538
661
1945
2520
7510
324
597
632
2164
2169
2207
2683
2837
2854
2861
2863
1553
1592
1699
2672
3370
3380
687
1271
2215
1780
2093
2244
2525
2526
2716
1640
2506
2508
2509
2513
2514
2517
2521
670
1643
2317
2567
2583
736
1760
2250
2347
2455
2468
3151
5532
7439
7501
7516
7535
539
1912
1994
510
580
1080
1462
1646
1998
2544
2563
2821
1764
2212
760
834
836
995
777
1436
572
7459
1329
1505
2449
822
1061
1558
1854
2656
3174
7530
2465
630
1142
1650
1972
1993
2524
2560
1710
1788
2685
2531
912
1218
713
1623
3260
894
2399
1712
2481
2915
1235
2009
2579
1931
7454
425
2475
2646
1240
3006
1100
1101
1915
2511
1001
990
1114
1418
7436
997
607
994
2592
1118
2664
2589
1465
2424
7544
2718
2775
2474
2406
1143
1311
1485
1502
1740
1752
1765
1768
2173
2182
2185
2206
2848
2866
2870
2874
2883
2916
238
610
3096
2469
1999
7345
2596
1034
1383
576
1975
1977
688
7372
7404
7406
7417
7429
7529
2439
759
815
1020
1293
1875
2371
2649
3303
449
908
1422
1615
1974
2480
460
1200
1404
3234
7403
7418
720
790
3211
2241
2405
857
863
1691
2247
2573
2608
2638
1233
7401
1351
1514
1695
1805
2253
2285
2678
2923
2934
2945
2957
2962
2987
3002
3015
3021
3116
3124
1965
2011
2565
2610
2617
7331
583
1432
1967
2003
2597
2635
1093
1652
1995
2461
2463
2470
2471
2569
1832
2927
3222
1088
1095
1425
1443
928
1014
2580
1121
1937
2460
3011
611
1968
675
494
1665
2973
2955
1926
274
1658
1978
2013
1698
793
1678
1632
1236
2613
2642
627
1917
1006
1970
2570
2703
1219
1629
1686
2494
1973
1348
999
927
996
2098
2702
3404
2109
2114
7457
2688
1109
2607
2486
1246
1654
7560
575
1461
2120
1102
1512
1551
2255
2969
2971
3079
3099
3163
3190
306
1773
2131
2243
2364
3311
2595
2808
2877
2931
2967
3321
672
739
1503
1772
2183
1596
1737
2773
2894
3266
1298
2190
2230
2633
2856
2152
2767
1295
1302
2833
1706
796
2129
2163
2168
2831
2834
2490
2495
2536
2537
1750
2538
1156
2153
2639
2644
1484
3150
2768
2810
673
674
848
926
1005
1111
1113
1245
1259
1437
1440
1454
1649
1662
1669
1671
1680
2048
2606
7373
7518
2204
2217
1919
2113
2115
2676
2733
2740
3288
7435
1538
1566
2336
3106
3165
1189
1382
2402
2418
3217
3225
3343
3347
3351
3360
3391
3410
7348
7421
2846
2849
2860
2862
2873
462
3341
3345
7463
1322
1424
2984
3207
855
1004
1012
1243
1433
1989
7328
1254
1438
2548
2550
2571
2574
3181
1785
2239
2245
2964
2994
888
902
1390
2423
1333
2502
7412
1251
1272
1431
1653
1988
2552
1141
2832
1239
2546
1856
2978
1674
2559
2602
2911
2947
1562
2981
1540
1840
2318
2321
2326
3073
3078
3135
3137
7460
1054
1068
1349
1370
1394
1449
1460
1545
2291
2325
2370
3065
3091
3095
3111
3154
3157
3175
3191
3221
3228
3304
3364
7419
1186
1576
1860
2395
3231
3233
3280
3292
3296
3353
3365
2349
2413
3361
2373
2378
3186
3367
1132
2050
2082
2738
1659
1703
1704
2067
2086
2091
2100
2529
2653
2669
2671
2674
2677
2682
2687
2693
2705
2707
2722
2748
3342
3359
3415
826
1693
2489
2719
1914
2393
3395
3407
7366
3281
3293
3320
2257
2989
3024
3247
1013
1446
1981
2549
2186
2975
755
2073
3272
3279
2728
2735
2188
3256
3358
194
971
1564
2909
7440
2764
2876
2099
3287
3357
2229
3054
7415
2654
2734
730
2221
282
1318
1453
1762
2219
2236
2853
2871
2942
1199
2429
3405
3408
7364
2924
2990
1203
3382
3392
3394
3439
3443
7385
377
1396
1878
3352
3444
2412
3373
3397
3422
3425
3428
7369
179
363
1206
2414
1072
1202
1205
1594
1597
2434
3449
2014
2033
2041
558
559
3398
3423
2408
3127
1188
833
2422
1700
2714
2720
2721
3275
3239
3322
3375
2419
3418
3445
2201
3213
3389
3400
906
3376
3390
3431
3434
3435
3448
7272
7363
7384
837
1666
1755
1947
2181
2879
2882
958
2826
2828
678
2754
1655
4310
1466
1584
2756
2087
2492
666
1267
1616
1711
1721
2084
2673
1850
2365
2397
3076
3080
3084
3092
3097
3103
3122
3125
3129
3149
3160
3185
3195
2273
2308
1526
1804
1960
2223
2263
3383
2731
1679
2043
3204
851
1638
2340
947
2122
2725
3319
3339
2344
2547
1824
805
2983
3000
722
2264
2835
2160
2356
3243
3249
3330
2391
3336
2830
1123
2628
2074
7343
920
1624
1936
1943
1944
2462
1636
2499
2081
2566
2568
2029
2044
2657
1228
1675
2732
781
2997
3183
2010
1011
1450
949
2553
1746
1800
1826
2302
2717
3014
3031
3062
3064
3101
3173
3177
3302
3307
3029
2630
2652
2700
615
1930
1933
1939
1952
2022
2034
2582
2851
3208
1571
1244
1667
1681
1963
2600
2660
2493
7448
725
1673
2021
2027
2028
2063
2584
2601
2603
2523
386
1445
2679
2663
1625
2483
1687
929
1685
2049
2611
1560
2814
2346
3349
3215
3313
3393
2008
2068
2619
2035
2621
1290
886
1343
3108
1180
2328
2379
417
1857
3039
3085
3324
7336
984
1897
1542
3089
3152
3242
3248
3251
3109
2389
835
2324
3388
7480
1906
818
3169
3066
1849
2992
1015
3196
3269
1025
281
2937
2887
819
2532
1958
3416
7462
1122
1934
2972
3237
2342
3159
3164
1586
1261
1626
2025
1442
1891
3020
2974
2698
1237
2500
7475
2899
358
2293
2450
1887
7466
860
1548
3200
7330
1798
2680
2704
2667
1955
2505
2647
1590
2420
3203
3290
2012
879
1078
1091
1096
1210
1212
1214
1215
1216
1222
1226
1227
1230
1402
1405
1407
1409
1410
1411
1413
1415
1417
1421
1607
1608
1613
3007
1160
2645
830
3264
2651
2787
2881
570
1986
787
2348
2634
1822
1192
1376
3261
2587
2690
723
1979
2533
1901
2539
1007
794
2640
2723
2727
7452
828
3323
2047
2007
2859
3033
3238
2369
7540
1365
854
1990
2031
2586
2715
1356
2904
3093
1611
2477
1847
3206
2130
2842
1843
2213
3167
2381
3187
3267
1953
2358
1868
3310
3194
3271
3326
3226
900
2963
7465
2258
962
3114
2211
2889
2928
2948
7332
922
1473
3156
2512
2515
3139
1344
7375
872
1744
476
2545
1959
2443
2614
3277
785
2658
2710
2476
2939
3094
2451
2456
2457
2071
775
2541
7395
7413
7408
1451
2488
574
1668
2527
413
827
3218
3257
2670
2896
810
7362
2590
1896
1252
2554
2562
2019
935
1630
2202
447
1463
1644
1957
1971
2075
2534
2561
2641
1961
2504
2516
2577
2535
977
3034
3286
2626
1676
2591
1120
2668
788
2750
2083
3189
7461
3057
3004
2020
2542
1628
1948
1949
2612
2696
3241
2072
3198
2691
2088
7451
1182
2884
2605
1036
1328
2220
2024
2051
2588
3396
464
651
3254
866
2648
3182
3216
2066
1697
2599
2729
2643
789
1434
1125
2620
2661
3236
3298
2157
1265
2062
2094
2054
2055
2056
2057
2058
2059
2060
2061
2615
2616
3265
1280
3314
2572
2598
2038
2039
1274
1264
2675
7449
2665
3295
======= DFS =======
0
1
2
4
5
6
7
9
3
8
13
10
11
18
14
12
19
16
20
15
22
39
17
25
21
23
24
28
26
29
30
35
31
33
32
40
41
42
48
43
38
47
34
63
61
50
44
88
27
36
53
73
130
76
46
37
54
79
59
62
83
64
52
55
89
49
51
66
68
69
65
82
72
81
94
74
56
78
75
77
105
84
57
58
80
104
91
92
110
119
45
60
67
123
87
124
95
86
85
93
97
113
103
144
98
71
112
129
107
108
101
96
114
117
102
127
122
115
106
192
100
267
466
121
116
193
90
118
120
231
210
155
154
139
133
175
208
147
138
166
182
168
148
181
174
209
239
201
302
386
281
272
235
151
152
135
134
109
140
172
173
163
198
142
158
271
128
200
131
230
153
149
211
225
180
236
204
165
136
184
169
285
176
99
132
141
171
213
295
70
242
698
219
303
218
162
164
187
156
189
188
259
160
203
427
7599
1152
316
950
331
241
195
207
161
227
178
321
214
322
167
438
624
1468
7551
223
224
233
199
502
606
768
459
433
1277
287
190
344
157
247
308
291
320
221
237
248
220
275
555
948
368
674
194
253
338
297
323
611
364
407
137
435
269
378
222
250
353
439
183
359
277
226
243
196
197
143
234
896
1690
286
423
381
216
240
289
396
244
307
375
397
206
665
252
288
228
246
335
979
894
7511
486
686
638
263
254
385
461
371
891
261
258
332
372
394
961
965
3054
1165
613
298
326
327
341
325
340
299
343
479
1106
1116
619
403
443
354
262
405
249
361
489
264
392
328
255
345
145
276
347
306
245
329
177
126
1590
704
487
490
170
521
882
314
452
518
744
473
356
444
445
767
925
384
612
365
402
301
186
146
357
257
592
284
150
212
217
251
342
719
436
471
352
215
440
720
296
1211
2443
1220
528
420
125
191
232
268
324
387
413
827
800
349
634
485
409
632
741
799
699
1526
2264
1026
2156
2207
2937
2222
940
2947
2881
695
2298
1021
304
369
797
346
408
796
1127
7602
273
421
506
404
355
465
653
534
535
537
667
311
573
668
504
292
388
256
379
675
918
924
567
510
2036
656
628
541
1275
663
339
536
441
850
843
1233
661
2710
1105
1217
2607
1629
715
501
467
424
7569
1451
2007
7563
274
678
383
540
731
446
998
472
985
539
862
367
366
382
579
864
1123
7373
425
514
2076
2554
2066
1624
7449
7517
7579
688
451
305
410
2955
7587
693
692
315
1295
1302
2165
2833
7591
1645
552
549
2909
1320
1542
1560
2230
7564
590
1801
7527
682
943
960
1022
1774
2131
2204
5341
293
2826
2828
319
434
626
714
400
659
1610
419
7549
411
416
519
2972
753
453
602
374
497
179
185
229
278
351
1894
3389
3400
697
823
373
363
464
558
559
651
377
280
336
652
1201
603
431
350
758
309
648
649
529
1797
1354
1191
1877
1879
1196
1884
706
701
601
7574
1044
7594
111
300
944
159
816
429
830
1054
7508
1185
7524
825
1576
1892
2373
1845
2338
951
1798
1844
7578
512
1750
1977
1678
1976
2538
1478
2130
1364
3105
7603
7333
330
395
491
1028
936
294
496
463
984
1897
838
3020
1151
1516
746
845
1163
1039
2981
7426
751
492
524
457
973
643
3206
7340
1863
3264
818
1537
1128
1439
2350
1341
1351
7550
3094
7429
7529
7580
7583
7593
687
1525
5678
7528
655
748
812
747
563
654
418
530
773
2474
3132
205
283
391
380
550
707
1889
2324
7381
7485
7486
7487
7488
7489
7490
7491
7492
7493
7494
7495
1160
587
795
546
584
462
1858
517
516
736
2190
7409
318
740
875
1339
1775
7475
7552
806
1768
630
1019
803
7582
2202
2237
2911
798
7410
2899
742
776
1293
1483
2820
1736
1739
1777
7415
1036
1328
1507
2220
7388
481
2211
2229
480
313
282
1235
1453
2024
2051
2588
450
265
554
1034
1486
597
672
739
3004
874
1511
3057
2317
3218
3257
694
802
1038
1539
1124
1270
2663
627
582
788
1272
1694
625
2127
2152
2767
7371
734
2078
2764
2013
2492
456
1853
2296
2394
631
1484
3150
822
978
1175
1527
1953
2358
1061
7513
1556
1363
1558
1854
2353
596
811
1847
964
1532
1850
1861
2362
2656
3174
7432
7520
7530
1193
971
1868
1867
1049
3194
3271
3314
3310
1365
1015
334
2369
432
571
412
889
700
1555
1548
430
609
310
1088
608
507
1956
7588
774
997
2493
7448
1092
1242
7507
921
1095
1695
1426
1425
1443
401
437
520
5139
482
2993
743
711
726
577
859
993
1250
1256
1011
1688
2097
2599
2729
2031
1674
477
857
1007
615
574
848
1666
855
2542
1434
1625
2038
2039
670
578
575
618
861
1119
1266
7438
1659
475
926
2020
1110
2030
2081
1697
2665
2566
2568
1687
7560
2047
3773
930
1246
1654
1683
1122
2062
2094
1445
676
913
928
312
562
543
7546
772
1412
716
1611
2477
1248
569
1100
784
2071
7497
358
2054
2055
2056
2057
2058
2059
2060
2061
2615
2616
1111
1296
919
917
1508
426
1188
3254
1776
2541
987
7595
1430
1660
724
1112
2006
2578
2559
2602
2586
1260
1709
629
792
1314
2835
2715
2711
2026
1020
1675
1922
990
844
1114
916
1691
2019
640
761
1023
1587
7435
2099
664
238
447
922
2572
1006
660
1970
2570
1102
570
779
610
666
2648
914
1103
2512
2515
1406
3096
1961
2504
2516
1280
1473
2080
1264
727
2614
1109
1463
2675
1644
1957
1971
2075
2534
2561
2641
7335
7422
3287
3357
7446
957
3161
7503
1093
972
1223
513
1431
2029
2044
1679
2657
3515
2254
2340
860
1551
2339
3200
3265
7442
1048
1051
1031
279
703
1172
370
360
1752
3011
522
1340
621
938
681
937
1700
1234
2012
2587
2690
7372
1432
1656
2010
777
1252
2011
1920
1269
1987
2003
2535
1719
2107
2108
2714
2720
2721
7498
1017
679
853
538
851
1638
1651
1471
791
542
933
932
2393
1637
616
458
1065
1880
2392
3262
1883
1885
887
260
718
1254
1712
2028
2640
2723
2727
7452
1470
2093
2111
729
865
1255
872
1466
1249
1247
1664
1655
728
515
1290
1467
1710
2086
4310
866
476
576
1692
7575
7393
1357
7519
7394
7395
7413
7570
7408
607
503
994
1209
856
920
1108
2592
1639
1661
2088
1704
2091
1268
2084
2673
1416
2639
2644
671
1271
1050
594
879
1154
1371
1574
1856
3241
750
1062
1052
1814
2284
2224
691
2368
7590
525
903
1825
455
1153
3007
1334
1529
1807
2978
884
885
1824
3215
527
1585
1200
3393
7421
7509
337
7521
7522
7531
3253
1146
7540
1186
1366
690
2348
3198
839
1094
991
1097
7370
1082
1926
1632
849
1404
1078
1959
908
840
7326
1400
605
1600
770
986
989
2456
2457
1213
1617
1225
2476
1810
1047
1251
3066
7427
7597
7598
7600
7601
523
696
1042
2275
3030
547
1156
508
877
5391
999
2344
2547
7526
1348
1347
881
2291
968
2213
1170
1322
1540
1791
1840
2318
2321
2326
3073
3078
3135
3137
7417
7460
7555
1194
7390
7434
1379
689
454
635
2912
966
7345
636
893
1580
7419
1064
1159
1870
7596
1567
483
1058
2356
1321
1782
738
1143
1313
2887
1330
1753
2876
1593
1923
362
376
398
3412
415
897
1070
895
1771
1792
1821
1886
3300
833
604
498
1906
2432
1553
2335
399
468
901
1387
1392
1901
7272
7384
904
3418
905
765
3275
2433
3445
7324
7385
1073
1074
1207
1395
1903
3444
7334
837
7559
906
952
1389
1204
1597
1819
1904
2292
3368
2311
2421
2427
3285
3361
3371
3376
3390
3427
1133
2201
2272
7399
531
1118
2664
7561
1142
1396
3431
3434
3435
3448
6920
7363
7392
7397
2407
7327
730
1130
769
7439
2430
2429
557
899
1385
1386
2434
3442
3449
7389
3196
442
266
2490
2495
7386
760
1896
2404
831
2419
1569
2827
3239
3322
3375
3382
7378
7414
1202
1205
1594
1072
2412
1206
7383
650
983
1187
598
1536
1181
2319
2425
1595
1424
499
2422
3398
3423
7577
1008
3404
1198
1381
1067
1148
1499
1319
1759
1147
873
2203
1496
1497
7565
1591
2360
2411
644
595
1059
1837
3208
2342
3159
3164
754
1822
2331
900
1581
593
1521
7505
7416
7483
7536
495
3319
3339
7557
414
544
828
3323
7465
974
1562
1306
1852
202
1291
1338
1129
1221
1999
1461
2083
2120
1665
2973
7437
4016
7548
1189
2367
2832
393
642
3109
685
814
1190
3237
1327
1325
1307
1139
1788
1789
2279
4933
2810
5388
7428
7391
7404
7406
7481
7499
7537
7585
7589
1523
2258
5532
810
7516
7535
3089
3152
3242
3248
3251
2172
2221
390
1000
572
858
2098
2702
7418
460
645
1843
756
2680
2704
1646
2546
1647
7586
448
669
1003
2009
1403
2667
782
2067
2628
1658
422
1107
1276
1717
2590
910
565
1448
1913
1121
1259
1261
1626
474
723
1979
7405
2025
2070
7518
863
1117
1120
1682
7523
2668
449
478
1698
614
717
1973
1440
2553
622
673
1012
1014
852
1672
1005
1010
783
1450
2643
1670
1104
1634
1113
1115
1236
1245
1253
1435
1436
1437
1454
1649
1662
1669
1671
1680
2042
2048
2606
532
775
912
1621
2539
1219
1605
766
1686
1942
2018
2494
1636
1946
2499
7401
7510
1087
564
1936
1943
1944
2462
1278
2703
1761
2754
7556
939
1132
1456
1476
2756
2725
2087
923
1643
1693
2100
7451
7450
2451
1676
2591
1076
1294
2915
2122
868
2218
2997
560
1086
2589
992
1419
7423
2533
1622
911
533
2459
2473
2858
7581
1964
2613
2642
1917
2750
2040
657
7568
623
2645
1414
568
583
1267
1984
1983
2103
1418
1623
2192
1919
2927
545
733
1279
586
786
2406
1166
3356
680
2718
2775
684
947
1157
1263
1472
1474
1708
1722
2144
2171
2747
2788
1286
1480
1969
2129
2137
2163
2168
2831
2834
484
7330
1457
2140
1487
1748
7576
1029
2173
945
737
1180
2859
1740
1785
1745
954
956
1025
2157
7387
870
941
1145
1311
1485
1630
1490
1543
1855
1535
1502
1504
1765
2182
2184
2185
2197
2206
633
1746
2848
2866
2870
2874
2883
2916
7396
2181
7375
1374
2784
1940
3006
953
1382
1830
3139
1069
3128
1598
2414
2416
511
1592
1699
2670
2330
2672
3370
3380
2315
2528
794
1914
1937
7436
1237
1612
2500
755
1182
1324
1615
2073
995
1614
1101
500
793
1915
1606
2479
1978
7545
1653
1657
1998
854
1990
722
617
1083
1442
2488
1228
1641
1714
1929
1934
1941
2732
762
1891
1326
807
1866
2382
2398
2970
2974
3276
3337
7339
702
805
959
2983
3000
7440
1534
1786
2052
2014
962
1538
3114
333
820
647
3169
551
1310
3222
713
934
1429
1991
2698
1336
1243
2068
781
1911
2900
2936
1287
2898
949
1297
1500
2270
878
1155
1737
3247
683
1350
1513
1751
2232
1564
3203
880
981
2397
3182
3290
1273
1353
883
1811
1812
1813
1820
2151
2300
2322
2354
3332
1169
1495
2053
1602
7554
417
1857
556
493
1420
1859
3189
1706
1141
1140
2180
2193
1986
7374
505
2651
1506
1509
1851
2167
2196
2225
2893
2933
2938
2815
942
1303
2148
946
2160
1738
2789
2787
2791
1773
2889
2928
2948
7332
2851
2522
2035
2621
1099
2579
2511
1013
1258
1927
1627
1955
1954
1958
2505
2647
2008
2037
2064
2659
7532
787
2032
2046
2065
1001
2460
662
819
1240
2562
2334
2532
2043
3204
1449
406
785
915
2598
2049
677
929
1125
1685
2620
2661
2611
1963
2600
2660
1239
1640
712
589
6877
646
2424
7502
7543
7544
1881
1794
2250
2309
7411
3313
2280
3068
3145
7337
1316
1375
2370
3256
600
3325
494
348
1158
757
1376
1281
1284
1684
1726
804
2125
7592
1066
3229
824
3187
3267
1060
2252
829
1887
7466
2728
2735
7515
705
764
898
1378
548
1578
3358
2408
3127
1356
1367
1888
2386
2379
7496
7558
1195
2390
1876
2387
1352
2399
7506
1882
1650
1972
1993
2524
2560
637
1137
2187
1874
581
1383
7573
389
1192
3261
2186
821
1579
1793
1040
3156
1355
2328
1832
6368
1571
2395
7443
3226
7379
2381
1037
1510
7457
1138
2188
2884
591
585
1282
2752
1149
1332
2223
3033
3238
1401
2634
1916
2481
710
909
1996
1208
1229
1931
7454
4909
1452
1968
2095
1668
1930
1933
1939
1952
2022
2034
2582
886
3236
2483
1689
2063
2619
2605
2033
2041
1343
3108
3419
3260
2401
2417
3379
1179
3171
3273
3333
3272
3279
3385
1743
1518
3383
1199
317
2346
3349
2420
846
2449
1909
1333
1618
2502
7412
1628
1948
1949
1652
2626
1995
2461
2463
2470
2471
2569
847
996
1399
2439
1043
771
2580
1603
3016
7382
815
963
1045
7425
1522
553
599
2257
2989
3024
290
1899
2343
2286
3113
2256
3039
3085
3324
7336
2217
955
1312
1491
1323
1493
1764
1769
2208
2212
745
1134
3183
1368
2958
1329
1423
1505
888
902
1390
2423
588
1735
2153
2814
488
7459
7539
7160
801
1477
2685
2798
958
1732
871
1176
967
1232
1790
2233
2349
2968
1749
1779
7512
7377
7482
7504
7534
2341
1778
1515
2228
2235
2215
7441
826
2489
2719
7500
620
2842
639
2830
641
1524
2262
749
809
876
1035
7514
1032
1053
1161
1162
1164
1178
1292
1744
1309
1346
1168
1455
1514
1547
1552
1713
1805
1808
1834
2253
3034
2285
3286
2303
2310
2678
2923
2934
2945
2957
2962
2987
3002
3015
3021
3116
3124
7553
1829
752
7398
1136
1804
1960
2178
2263
869
2110
1780
2244
2525
2526
2716
1796
2239
2243
7461
7538
2245
2964
2994
2975
1218
509
1965
2565
2610
2617
580
1988
2612
2696
2552
1616
1711
1721
1080
1462
2082
2544
2563
2821
2101
1131
1702
1707
2630
2652
2700
469
2545
658
842
907
988
1079
1081
1084
1085
2688
1091
1096
1210
1212
1214
1215
1216
1222
1224
1226
7400
1227
1230
1402
1405
1407
1409
1410
1411
1413
1415
1417
1421
1607
1608
1613
1002
2475
2646
7533
7571
1098
1501
2236
2904
3093
1586
2323
834
836
7342
1369
2389
3298
3295
1836
2372
2391
3336
7566
2405
3388
7480
2273
2268
2308
2418
1731
2126
2894
3266
890
892
1458
2241
841
1464
2247
1331
2234
2573
2608
2638
2531
1398
1265
1459
2679
1967
2597
2635
2004
2523
2731
1135
1071
1950
2293
2450
1244
1438
1667
1681
1446
1981
1992
2045
2549
2658
2506
2508
2509
2513
2514
2517
2521
1408
2596
1599
1912
1994
2465
1298
1770
2633
2856
1372
1849
2992
1648
2297
2963
2567
2583
2713
3168
1024
1494
1841
2155
2376
2823
1285
1488
1609
1057
2117
2164
2169
2683
2837
2854
2861
2863
270
470
1945
2520
735
2977
2982
1317
1741
1757
2147
2177
2198
2209
2701
2804
2907
2910
2930
2932
7424
732
1725
2768
2773
2536
2537
566
778
780
927
1460
2072
721
4056
7331
1541
1342
2361
2375
3136
3284
7420
982
1875
2374
2380
2396
3326
3281
3293
3320
1184
1568
1573
2301
2363
3212
3219
3250
7433
1283
1705
2214
1004
1257
1422
1980
1433
1989
7328
1427
2527
1362
1742
2174
2175
2609
2662
2841
975
2265
2548
2550
2571
2574
3181
1126
1475
1720
2448
2760
2761
3346
561
1465
935
1274
2454
2472
2623
1549
1760
2896
1997
2347
2455
2468
3151
7501
7362
708
832
1596
1878
3396
2431
2436
3352
7320
1384
1895
1902
1905
3373
3397
3422
3425
3428
7309
7311
7369
1890
1203
3392
3394
3439
3443
7368
1380
1862
2079
2154
7343
3305
3317
7472
7541
2410
2415
3378
3386
3403
3424
428
1839
3395
3407
7366
7430
7567
1308
1517
3234
7403
7542
2139
813
1167
1530
1802
1803
2089
3362
3029
1806
1827
1865
2359
2261
2271
3023
3028
3098
3120
2267
2365
3076
3080
3084
3092
3097
3103
3122
3125
3129
3149
3160
3185
3216
3195
1171
1512
1531
1800
1826
2260
2266
2269
2277
2278
2302
2717
3014
3031
3062
3064
3101
3173
3177
3302
3307
763
1063
1864
3170
3283
3411
7341
7467
7468
1559
1575
1619
1846
2984
3207
7444
7584
970
1197
1561
1572
3243
3249
3330
980
1335
1373
3269
1563
1588
1589
2428
2402
3217
3225
3343
3347
3351
3360
3391
3410
7348
2327
2950
3414
1289
2050
2738
7525
2625
2684
2695
1696
2654
1703
2691
2085
2090
2529
2653
2669
2671
2674
2677
2682
2687
2693
2705
2707
2722
2748
1441
1479
1718
1727
1962
2092
2105
2106
2119
2136
2159
2507
2551
2575
2594
2636
2655
2765
1828
1873
2329
2357
2355
2409
2426
2952
3133
3178
835
3245
3301
3402
7338
7431
7547
1489
3277
3342
3359
3415
1055
3341
3345
7463
2959
1241
1299
2593
2850
2855
1766
1301
3224
1747
1756
1758
2162
2170
2176
2195
2240
2846
2849
2860
2862
2873
1288
2145
1729
1842
2246
2799
1033
1144
1754
1985
2179
2194
2885
2892
2895
2901
1755
1947
1974
2879
2882
1345
1359
1566
2336
3106
3165
3416
7462
1932
1938
2017
2158
2543
2681
2480
1550
1783
2452
2482
1503
1772
2183
7572
1046
2924
2990
1318
1762
2219
2853
2871
2942
1304
1481
1482
1492
2138
2161
2231
2312
2576
2150
2806
2839
2840
2852
2905
2913
2966
3043
3107
3309
7453
7455
2666
790
3211
1016
1447
1604
1262
2556
1018
1075
1631
1763
2939
1925
7402
7447
725
789
1673
2021
2027
2584
2601
2603
2096
2622
2624
2627
1174
3167
1633
2501
2540
2132
2142
2149
2797
2801
2878
2886
1784
2313
3405
3408
7364
2288
3440
1238
1715
2734
1716
2113
2115
2676
2733
2740
1469
2015
2069
2104
2629
2872
1089
2469
1428
1728
1377
1557
2337
2371
3288
7562
1733
1898
2077
2935
931
2074
1358
1787
1795
2121
2251
2595
2808
2877
2931
2967
3321
1860
2377
2413
2133
2364
3311
1183
2378
3186
3367
2976
2255
2969
2971
3079
3099
3163
3190
1361
2384
3263
1030
2134
2307
2979
3042
3070
3081
1730
2146
3146
7376
1300
2118
2238
2316
2637
2650
2744
2772
2816
759
977
2388
2649
3303
867
1584
1305
1799
2199
2227
2689
2692
2709
2757
2802
2960
3052
1918
2102
2304
2530
2890
2918
3032
709
1077
1520
1907
1397
1910
2437
2440
2442
2446
1009
2109
2114
1090
1173
1663
1921
1924
1982
2000
2002
2205
2444
2555
2564
2929
2943
2949
2953
3193
2485
2519
2758
1734
2124
2737
2796
1041
1393
1528
1533
1809
1816
1818
2242
2274
2276
2282
2283
2287
2289
2385
3035
3036
3037
3038
3040
1344
3044
3045
3046
3049
3050
3053
3055
3059
3060
3071
3072
3074
3075
3088
3118
3143
3179
3240
3369
5445
7477
1872
3213
1893
2435
2632
3090
3119
3381
3406
3409
3426
3429
3430
3432
3433
3436
3437
3438
3441
3446
3447
3450
7329
7365
7367
817
1391
1577
3184
3363
3372
7445
1349
1833
2400
3231
3233
3280
3292
3296
3353
3365
2166
2216
2790
2864
2914
2917
3223
3268
3344
1723
2123
2135
2141
2143
2795
2803
2811
2812
2817
2824
976
1724
2478
2726
2759
2769
2776
2780
2818
2991
1444
1601
1620
2486
1635
1966
1677
1701
1815
1908
2001
2016
2023
2200
2438
2441
2453
2464
2466
2467
2484
2491
2510
2708
2739
2867
2996
3355
969
2128
2189
2249
2518
2557
2581
2777
2786
2956
2985
3013
3121
3134
526
1583
6791
1177
1360
1565
1570
1835
2332
2383
2920
2954
3017
3027
3115
3130
3158
3399
4720
7344
7346
7349
7350
7351
7352
7353
7354
7355
7356
7357
7358
7359
7360
7361
7380
7407
7458
7469
7470
7471
7473
7474
7484
808
1056
1150
1498
1767
1781
2191
2210
2306
2865
2868
2888
2921
2922
2980
2986
3001
3010
3018
3051
3144
3176
3350
3377
1068
1370
1394
1545
1554
2325
2351
3065
3091
3095
3111
3154
3157
3175
3191
3221
3228
3304
3364
1831
1871
3008
3205
3230
3235
3306
3308
3335
7456
7476
7478
7479
1337
1544
1546
1817
1823
1838
1848
2290
2294
2299
2305
2314
2320
2333
2345
2352
2902
3048
3086
3104
3126
3131
3153
3180
3197
3199
3202
3220
3259
3274
3327
1231
1642
1935
2503
1928
1975
2577
2005
2403
2445
2458
2487
2496
2498
2697
2838
1027
1315
1519
1582
1900
1951
2112
2116
2736
2226
2248
2259
2281
2295
2366
2447
2497
2558
2585
2604
2618
2631
2686
2694
2699
2706
2712
2724
2730
2741
2742
2743
2745
2746
2749
2751
2753
2755
2762
2763
2766
2770
2771
2774
2778
2779
2781
2782
2783
2785
2792
2794
2800
2805
2807
2809
2813
2819
2822
2825
2829
2836
2843
2844
2845
2847
2857
2869
2875
2880
2891
2897
2903
2906
2908
2919
2925
2926
2940
2941
2944
2946
2951
2961
2965
2988
2995
2998
2999
3003
3005
3009
3012
3019
3022
3025
3026
3041
3047
3056
3058
3061
3063
3067
3069
3077
3082
3083
3087
2793
3100
3102
3110
3112
3117
3123
3138
3140
3141
3142
3147
3148
3155
3162
3166
3172
3188
3192
3201
3209
3210
3214
3232
3244
3246
3252
3255
3258
3278
3282
3289
3291
3294
3297
3299
3312
3315
3316
3318
3328
3329
3331
3334
3338
3340
3348
3354
3366
3374
3384
3401
3413
3417
3420
3421
7347
