>> train: 1000words.txt, query: 1000words.txt, LHsize: 128

CPU time to build a(n) BST: 30 millisec
CPU time to build a(n) AVL: 0 millisec
Number of words in the BST: 251 (number of insertions: 1000)
Total number of node accesses (BST): 8606 (failed searches: 0)
CPU time for searching keys (BST): 0 millisec
Total number of node accesses (AVL): 7636 (failed searches: 0)
CPU time for searching keys (AVL): 0 millisec

CPU time to build the Hash Table: 0 millisec
Words inserted: 251 (insertions failed: 749); Storage util: 0.6182266 (hash entries: 278)
Words found: 1000 (searches failed: 0)
Total number of Hash Table accesses: 1979.0
CPU time for searching keys in the Hash Table: 10 millisec

Memory consumption: 9619008 bytes

>> train: 1000words.txt, query: 2000words.txt, LHsize: 128

CPU time to build a(n) BST: 20 millisec
CPU time to build a(n) AVL: 10 millisec
Number of words in the BST: 251 (number of insertions: 1000)
Total number of node accesses (BST): 17212 (failed searches: 0)
CPU time for searching keys (BST): 20 millisec
Total number of node accesses (AVL): 15272 (failed searches: 0)
CPU time for searching keys (AVL): 0 millisec

CPU time to build the Hash Table: 20 millisec
Words inserted: 251 (insertions failed: 749); Storage util: 0.6182266 (hash entries: 278)
Words found: 2000 (searches failed: 0)
Total number of Hash Table accesses: 3958.0
CPU time for searching keys in the Hash Table: 0 millisec

Memory consumption: 11170920 bytes

>> train: 2000words.txt, query: 2000words2.txt, LHsize: 128

CPU time to build a(n) BST: 70 millisec
CPU time to build a(n) AVL: 20 millisec
Number of words in the BST: 251 (number of insertions: 2000)
Total number of node accesses (BST): 19556 (failed searches: 1541)
CPU time for searching keys (BST): 10 millisec
Total number of node accesses (AVL): 17945 (failed searches: 1541)
CPU time for searching keys (AVL): 20 millisec

CPU time to build the Hash Table: 10 millisec
Words inserted: 251 (insertions failed: 1749); Storage util: 0.6182266 (hash entries: 278)
Words found: 460 (searches failed: 1541)
Total number of Hash Table accesses: 4487.0
CPU time for searching keys in the Hash Table: 0 millisec

Memory consumption: 12219472 bytes

>> train: 40kwords.txt, query: darwin.txt, LHsize: 128

CPU time to build a(n) BST: 160 millisec
CPU time to build a(n) AVL: 110 millisec
Number of words in the BST: 9106 (number of insertions: 42603)
Total number of node accesses (BST): 2499104 (failed searches: 59668)
CPU time for searching keys (BST): 290 millisec
Total number of node accesses (AVL): 2451356 (failed searches: 59668)
CPU time for searching keys (AVL): 170 millisec

CPU time to build the Hash Table: 50 millisec
Words inserted: 9106 (insertions failed: 33497); Storage util: 0.6637026 (hash entries: 7736)
Words found: 135460 (searches failed: 59668)
Total number of Hash Table accesses: 674242.5
CPU time for searching keys in the Hash Table: 130 millisec

Memory consumption: 154816032 bytes

>> train: darwin.txt, query: 40kwords.txt, LHsize: 128

CPU time to build a(n) BST: 490 millisec
CPU time to build a(n) AVL: 640 millisec
Number of words in the BST: 15110 (number of insertions: 195128)
Total number of node accesses (BST): 573250 (failed searches: 12462)
CPU time for searching keys (BST): 30 millisec
Total number of node accesses (AVL): 562221 (failed searches: 12462)
CPU time for searching keys (AVL): 30 millisec

CPU time to build the Hash Table: 210 millisec
Words inserted: 15110 (insertions failed: 180018); Storage util: 0.70716524 (hash entries: 12291)
Words found: 30141 (searches failed: 12462)
Total number of Hash Table accesses: 131421.5
CPU time for searching keys in the Hash Table: 60 millisec

Memory consumption: 11778928 bytes

>> train: darwin.txt, query: 40kwords.txt, LHsize: 8192

CPU time to build a(n) BST: 440 millisec
CPU time to build a(n) AVL: 530 millisec
Number of words in the BST: 15110 (number of insertions: 195128)
Total number of node accesses (BST): 573250 (failed searches: 12462)
CPU time for searching keys (BST): 50 millisec
Total number of node accesses (AVL): 562221 (failed searches: 12462)
CPU time for searching keys (AVL): 30 millisec

CPU time to build the Hash Table: 180 millisec
Words inserted: 15110 (insertions failed: 180018); Storage util: 0.5997936 (hash entries: 17318)
Words found: 30141 (searches failed: 12462)
Total number of Hash Table accesses: 104082.0
CPU time for searching keys in the Hash Table: 30 millisec

Memory consumption: 13303096 bytes

