>> train: 1000words.txt, query: 2000words.txt, LHsize: 128

[$R$:2:0]
[$S$.:2:0]
[$\dist{r,s}$:2:0]
[$k$:12:0]
[$k$,:6:0]
[$r:2:0]
[$s:2:0]
[(\ie,:4:0]
[<:2:0]
[A:6:0]
[AFTER:2:0]
[BY:2:0]
[Cartesian:2:0]
[FROM:2:0]
[For:4:0]
[Hotel:2:0]
[If:2:0]
[In:6:0]
[It:2:0]
[ORDER:2:0]
[On:2:0]
[R$:2:0]
[Restaurant:2:0]
[S$,:2:0]
[S):2:0]
[SELECT:2:0]
[STOP:2:0]
[Since:2:0]
[Specifically,:2:0]
[Then,:2:0]
[This:4:0]
[\Join:2:0]
[\[:2:0]
[\]:2:0]
[\begin{quote}\begin{verbatim}:2:0]
[\dmax{}:10:0]
[\end{verbatim}\end{quote}:2:0]
[\in:4:0]
[\mathcal{D}_{max}}(R:2:0]
[\sigma_{dist(r,s):2:0]
[``It:2:0]
[``best'':2:0]
[a:54:0]
[according:2:0]
[accurate:2:0]
[after:2:0]
[algorithm:2:0]
[all:2:0]
[allow:2:0]
[almost:2:0]
[already'':2:0]
[an:6:0]
[and:22:0]
[and,:2:0]
[answers,:2:0]
[answers.:2:0]
[any:2:0]
[application:2:0]
[applications,:2:0]
[argued:2:0]
[as:4:0]
[associate:2:0]
[at:2:0]
[attribute:2:0]
[attributes,:2:0]
[be:18:0]
[been:2:0]
[best:6:0]
[between:6:0]
[but:2:0]
[by:10:0]
[can:18:0]
[candidate:4:0]
[cardinality:10:0]
[cause:2:0]
[combined:2:0]
[common:2:0]
[consider:2:0]
[contain:2:0]
[cutoff:4:0]
[data:4:0]
[database:4:0]
[databases:2:0]
[decision:2:0]
[decreasing:2:0]
[defined:4:0]
[delay:2:0]
[delivering:2:0]
[determined:2:0]
[different:2:0]
[distance:20:0]
[distance(h.location,:2:0]
[distances:2:0]
[effectively:2:0]
[enough:4:0]
[entire:2:0]
[environments,:2:0]
[estimate:2:0]
[estimating:2:0]
[example,:4:0]
[feature:2:0]
[find:2:0]
[finds:2:0]
[focus:2:0]
[followed:2:0]
[follows::2:0]
[for:10:0]
[formulated:2:0]
[fraction:2:0]
[from:2:0]
[function:2:0]
[given:4:0]
[h,:2:0]
[h.name,:2:0]
[hand,:2:0]
[has:2:0]
[hotels:4:0]
[however,:2:0]
[if:4:0]
[image:2:0]
[impossible:2:0]
[in:12:0]
[incrementally:2:0]
[instead:4:0]
[interact:2:0]
[intermediate:4:0]
[internet:2:0]
[intersect}:2:0]
[introduced:2:0]
[is:20:0]
[it:6:0]
[join:16:0]
[k;:2:0]
[knowledge,:2:0]
[literature.:2:0]
[long:2:0]
[many:4:0]
[matches:2:0]
[may:6:0]
[measure:2:0]
[method:2:0]
[metrics:2:0]
[more:6:0]
[multimedia:2:0]
[nearest:6:0]
[new:2:0]
[no:2:0]
[objects:4:0]
[objects.:4:0]
[obtaining:2:0]
[of:32:0]
[often:2:0]
[on:4:0]
[on-line:2:0]
[one:2:0]
[only:4:0]
[operation:8:0]
[operation.:2:0]
[operations:2:0]
[opportunity:2:0]
[optimization:2:0]
[or:4:0]
[order:2:0]
[other:4:0]
[our:2:0]
[overestimated,:2:0]
[pairs:6:0]
[pairs):2:0]
[pairs,:4:0]
[pairs.:2:0]
[performed:2:0]
[pose:2:0]
[practice,:2:0]
[precisely:2:0]
[predicate:4:0]
[predicted:2:0]
[processed:2:0]
[processing:2:0]
[processing.:2:0]
[produce:2:0]
[product:2:0]
[provides:2:0]
[query:8:0]
[query,:2:0]
[quickly.:2:0]
[quite:2:0]
[r:2:0]
[r.location):2:0]
[r.name:2:0]
[ranking:4:0]
[recently:2:0]
[reduced:4:0]
[relatively:2:0]
[reported:2:0]
[reports:2:0]
[requirement:4:0]
[requirements.:2:0]
[resources:2:0]
[restaurants).:2:0]
[restaurants::2:0]
[results:10:0]
[retrieves:2:0]
[say:2:0]
[search:2:0]
[set:2:0]
[sets:4:0]
[significantly:2:0]
[similarity:2:0]
[small:2:0]
[sort:6:0]
[sorting:4:0]
[space.:2:0]
[spatial:26:0]
[specific:2:0]
[stage:2:0]
[stopping:10:0]
[subsequent:2:0]
[such:4:0]
[support:2:0]
[system:2:0]
[systems:2:0]
[terms:2:0]
[that:8:0]
[the:44:0]
[them.:2:0]
[then:4:0]
[thereby:2:0]
[time:4:0]
[to:24:0]
[too:2:0]
[top:2:0]
[two:6:0]
[type:2:0]
[use:2:0]
[used:2:0]
[users:6:0]
[usually:2:0]
[value:10:0]
[values:2:0]
[various:2:0]
[was:2:0]
[waste:2:0]
[ways:2:0]
[we:2:0]
[well-matchedness.:2:0]
[where:2:0]
[which:2:0]
[will:2:0]
[with:8:0]
[within}:2:0]
[{\tt:4:0]
CPU time to build a(n) BST: 80 millisec
[$R$:2:0]
[$S$.:2:0]
[$\dist{r,s}$:2:0]
[$k$:12:0]
[$k$,:6:0]
[$r:2:0]
[$s:2:0]
[(\ie,:4:0]
[<:2:0]
[A:6:0]
[AFTER:2:0]
[BY:2:0]
[Cartesian:2:0]
[FROM:2:0]
[For:4:0]
[Hotel:2:0]
[If:2:0]
[In:6:0]
[It:2:0]
[ORDER:2:0]
[On:2:0]
[R$:2:0]
[Restaurant:2:0]
[S$,:2:0]
[S):2:0]
[SELECT:2:0]
[STOP:2:0]
[Since:2:0]
[Specifically,:2:0]
[Then,:2:0]
[This:4:0]
[\Join:2:0]
[\[:2:0]
[\]:2:0]
[\begin{quote}\begin{verbatim}:2:0]
[\dmax{}:10:0]
[\end{verbatim}\end{quote}:2:0]
[\in:4:0]
[\mathcal{D}_{max}}(R:2:0]
[\sigma_{dist(r,s):2:0]
[``It:2:0]
[``best'':2:0]
[a:54:0]
[according:2:0]
[accurate:2:0]
[after:2:0]
[algorithm:2:0]
[all:2:0]
[allow:2:0]
[almost:2:0]
[already'':2:0]
[an:6:0]
[and:22:0]
[and,:2:0]
[answers,:2:0]
[answers.:2:0]
[any:2:0]
[application:2:0]
[applications,:2:0]
[argued:2:0]
[as:4:0]
[associate:2:0]
[at:2:0]
[attribute:2:0]
[attributes,:2:0]
[be:18:0]
[been:2:0]
[best:6:0]
[between:6:0]
[but:2:0]
[by:10:0]
[can:18:0]
[candidate:4:0]
[cardinality:10:0]
[cause:2:0]
[combined:2:0]
[common:2:0]
[consider:2:0]
[contain:2:0]
[cutoff:4:0]
[data:4:0]
[database:4:0]
[databases:2:0]
[decision:2:0]
[decreasing:2:0]
[defined:4:0]
[delay:2:0]
[delivering:2:0]
[determined:2:0]
[different:2:0]
[distance:20:0]
[distance(h.location,:2:0]
[distances:2:0]
[effectively:2:0]
[enough:4:0]
[entire:2:0]
[environments,:2:0]
[estimate:2:0]
[estimating:2:0]
[example,:4:0]
[feature:2:0]
[find:2:0]
[finds:2:0]
[focus:2:0]
[followed:2:0]
[follows::2:0]
[for:10:0]
[formulated:2:0]
[fraction:2:0]
[from:2:0]
[function:2:0]
[given:4:0]
[h,:2:0]
[h.name,:2:0]
[hand,:2:0]
[has:2:0]
[hotels:4:0]
[however,:2:0]
[if:4:0]
[image:2:0]
[impossible:2:0]
[in:12:0]
[incrementally:2:0]
[instead:4:0]
[interact:2:0]
[intermediate:4:0]
[internet:2:0]
[intersect}:2:0]
[introduced:2:0]
[is:20:0]
[it:6:0]
[join:16:0]
[k;:2:0]
[knowledge,:2:0]
[literature.:2:0]
[long:2:0]
[many:4:0]
[matches:2:0]
[may:6:0]
[measure:2:0]
[method:2:0]
[metrics:2:0]
[more:6:0]
[multimedia:2:0]
[nearest:6:0]
[new:2:0]
[no:2:0]
[objects:4:0]
[objects.:4:0]
[obtaining:2:0]
[of:32:0]
[often:2:0]
[on:4:0]
[on-line:2:0]
[one:2:0]
[only:4:0]
[operation:8:0]
[operation.:2:0]
[operations:2:0]
[opportunity:2:0]
[optimization:2:0]
[or:4:0]
[order:2:0]
[other:4:0]
[our:2:0]
[overestimated,:2:0]
[pairs:6:0]
[pairs):2:0]
[pairs,:4:0]
[pairs.:2:0]
[performed:2:0]
[pose:2:0]
[practice,:2:0]
[precisely:2:0]
[predicate:4:0]
[predicted:2:0]
[processed:2:0]
[processing:2:0]
[processing.:2:0]
[produce:2:0]
[product:2:0]
[provides:2:0]
[query:8:0]
[query,:2:0]
[quickly.:2:0]
[quite:2:0]
[r:2:0]
[r.location):2:0]
[r.name:2:0]
[ranking:4:0]
[recently:2:0]
[reduced:4:0]
[relatively:2:0]
[reported:2:0]
[reports:2:0]
[requirement:4:0]
[requirements.:2:0]
[resources:2:0]
[restaurants).:2:0]
[restaurants::2:0]
[results:10:0]
[retrieves:2:0]
[say:2:0]
[search:2:0]
[set:2:0]
[sets:4:0]
[significantly:2:0]
[similarity:2:0]
[small:2:0]
[sort:6:0]
[sorting:4:0]
[space.:2:0]
[spatial:26:0]
[specific:2:0]
[stage:2:0]
[stopping:10:0]
[subsequent:2:0]
[such:4:0]
[support:2:0]
[system:2:0]
[systems:2:0]
[terms:2:0]
[that:8:0]
[the:44:0]
[them.:2:0]
[then:4:0]
[thereby:2:0]
[time:4:0]
[to:24:0]
[too:2:0]
[top:2:0]
[two:6:0]
[type:2:0]
[use:2:0]
[used:2:0]
[users:6:0]
[usually:2:0]
[value:10:0]
[values:2:0]
[various:2:0]
[was:2:0]
[waste:2:0]
[ways:2:0]
[we:2:0]
[well-matchedness.:2:0]
[where:2:0]
[which:2:0]
[will:2:0]
[with:8:0]
[within}:2:0]
[{\tt:4:0]
CPU time to build a(n) AVL: 20 millisec
Number of words in the BST: 251 (number of insertions: 1000)
[$R$:1:8]
[$S$.:1:4]
[$\dist{r,s}$:1:12]
[$k$:1:68]
[$k$,:1:20]
[$r:1:8]
[$s:1:4]
[(\ie,:1:32]
[<:1:4]
[A:1:2000]
[AFTER:1:4]
[BY:1:12]
[Cartesian:1:4]
[FROM:1:16]
[For:1:32]
[Hotel:1:8]
[If:1:4]
[In:1:272]
[It:1:4]
[ORDER:1:16]
[On:1:4]
[R$:1:8]
[Restaurant:1:28]
[S$,:1:4]
[S):1:8]
[SELECT:1:36]
[STOP:1:4]
[Since:1:48]
[Specifically,:1:8]
[Then,:1:4]
[This:1:120]
[\Join:1:4]
[\[:1:12]
[\]:1:4]
[\begin{quote}\begin{verbatim}:1:56]
[\dmax{}:1:20]
[\end{verbatim}\end{quote}:1:40]
[\in:1:8]
[\mathcal{D}_{max}}(R:1:12]
[\sigma_{dist(r,s):1:16]
[``It:1:60]
[``best'':1:64]
[a:1:228]
[according:1:396]
[accurate:1:4]
[after:1:16]
[algorithm:1:8]
[all:1:4]
[allow:1:40]
[almost:1:4]
[already'':1:20]
[an:1:12]
[and:1:100]
[and,:1:4]
[answers,:1:8]
[answers.:1:16]
[any:1:4]
[application:1:120]
[applications,:1:16]
[argued:1:4]
[as:1:12]
[associate:1:608]
[at:1:8]
[attribute:1:4]
[attributes,:1:64]
[be:1:52]
[been:1:4]
[best:1:16]
[between:1:80]
[but:1:4]
[by:1:192]
[can:1:92]
[candidate:1:8]
[cardinality:1:32]
[cause:1:4]
[combined:1:36]
[common:1:56]
[consider:1:16]
[contain:1:4]
[cutoff:1:12]
[data:1:208]
[database:1:8]
[databases:1:644]
[decision:1:8]
[decreasing:1:4]
[defined:1:32]
[delay:1:4]
[delivering:1:12]
[determined:1:4]
[different:1:16]
[distance:1:1500]
[distance(h.location,:1:4]
[distances:1:212]
[effectively:1:16]
[enough:1:12]
[entire:1:4]
[environments,:1:28]
[estimate:1:8]
[estimating:1:4]
[example,:1:60]
[feature:1:24]
[find:1:4]
[finds:1:20]
[focus:1:12]
[followed:1:4]
[follows::1:8]
[for:1:140]
[formulated:1:4]
[fraction:1:12]
[from:1:4]
[function:1:60]
[given:1:8]
[h,:1:12]
[h.name,:1:24]
[hand,:1:4]
[has:1:8]
[hotels:1:44]
[however,:1:4]
[if:1:12]
[image:1:148]
[impossible:1:4]
[in:1:204]
[incrementally:1:24]
[instead:1:8]
[interact:1:20]
[intermediate:1:8]
[internet:1:32]
[intersect}:1:4]
[introduced:1:268]
[is:1:52]
[it:1:12]
[join:1:816]
[k;:1:16]
[knowledge,:1:12]
[literature.:1:8]
[long:1:4]
[many:1:52]
[matches:1:16]
[may:1:12]
[measure:1:24]
[method:1:4]
[metrics:1:28]
[more:1:188]
[multimedia:1:44]
[nearest:1:12]
[new:1:20]
[no:1:4]
[objects:1:40]
[objects.:1:8]
[obtaining:1:12]
[of:1:124]
[often:1:4]
[on:1:12]
[on-line:1:16]
[one:1:200]
[only:1:8]
[operation:1:516]
[operation.:1:4]
[operations:1:16]
[opportunity:1:8]
[optimization:1:4]
[or:1:172]
[order:1:4]
[other:1:148]
[our:1:8]
[overestimated,:1:4]
[pairs:1:40]
[pairs):1:20]
[pairs,:1:16]
[pairs.:1:4]
[performed:1:8]
[pose:1:112]
[practice,:1:4]
[precisely:1:16]
[predicate:1:8]
[predicted:1:20]
[processed:1:24]
[processing:1:28]
[processing.:1:40]
[produce:1:8]
[product:1:4]
[provides:1:44]
[query:1:68]
[query,:1:4]
[quickly.:1:8]
[quite:1:136]
[r:1:8]
[r.location):1:4]
[r.name:1:12]
[ranking:1:20]
[recently:1:300]
[reduced:1:16]
[relatively:1:8]
[reported:1:4]
[reports:1:28]
[requirement:1:8]
[requirements.:1:80]
[resources:1:12]
[restaurants).:1:4]
[restaurants::1:8]
[results:1:40]
[retrieves:1:4]
[say:1:8]
[search:1:48]
[set:1:4]
[sets:1:124]
[significantly:1:4]
[similarity:1:36]
[small:1:24]
[sort:1:12]
[sorting:1:20]
[space.:1:28]
[spatial:1:1920]
[specific:1:52]
[stage:1:4]
[stopping:1:28]
[subsequent:1:4]
[such:1:48]
[support:1:12]
[system:1:4]
[systems:1:8]
[terms:1:160]
[that:1:104]
[the:1:88]
[them.:1:184]
[then:1:8]
[thereby:1:12]
[time:1:20]
[to:1:308]
[too:1:4]
[top:1:8]
[two:1:28]
[type:1:8]
[use:1:4]
[used:1:44]
[users:1:12]
[usually:1:76]
[value:1:20]
[values:1:24]
[various:1:28]
[was:1:368]
[waste:1:4]
[ways:1:56]
[we:1:4]
[well-matchedness.:1:48]
[where:1:12]
[which:1:4]
[will:1:8]
[with:1:40]
[within}:1:4]
[{\tt:1:12]
Total number of node accesses (BST): 17212 (failed searches: 0)
Height: 17, Size: 251, SumFreq: 251, SumAccess: 17212
balancefactor: -12
CPU time for searching keys (BST): 10 millisec
[$R$:1:8]
[$S$.:1:4]
[$\dist{r,s}$:1:12]
[$k$:1:68]
[$k$,:1:20]
[$r:1:8]
[$s:1:4]
[(\ie,:1:32]
[<:1:4]
[A:1:544]
[AFTER:1:4]
[BY:1:12]
[Cartesian:1:4]
[FROM:1:16]
[For:1:32]
[Hotel:1:8]
[If:1:4]
[In:1:92]
[It:1:4]
[ORDER:1:16]
[On:1:4]
[R$:1:8]
[Restaurant:1:28]
[S$,:1:4]
[S):1:8]
[SELECT:1:36]
[STOP:1:4]
[Since:1:48]
[Specifically,:1:8]
[Then,:1:4]
[This:1:272]
[\Join:1:4]
[\[:1:12]
[\]:1:4]
[\begin{quote}\begin{verbatim}:1:56]
[\dmax{}:1:20]
[\end{verbatim}\end{quote}:1:32]
[\in:1:8]
[\mathcal{D}_{max}}(R:1:40]
[\sigma_{dist(r,s):1:4]
[``It:1:60]
[``best'':1:64]
[a:1:172]
[according:1:396]
[accurate:1:4]
[after:1:16]
[algorithm:1:8]
[all:1:4]
[allow:1:40]
[almost:1:4]
[already'':1:20]
[an:1:12]
[and:1:100]
[and,:1:4]
[answers,:1:8]
[answers.:1:16]
[any:1:4]
[application:1:120]
[applications,:1:16]
[argued:1:4]
[as:1:12]
[associate:1:464]
[at:1:8]
[attribute:1:4]
[attributes,:1:64]
[be:1:52]
[been:1:4]
[best:1:16]
[between:1:724]
[but:1:4]
[by:1:168]
[can:1:92]
[candidate:1:8]
[cardinality:1:32]
[cause:1:4]
[combined:1:36]
[common:1:56]
[consider:1:16]
[contain:1:4]
[cutoff:1:12]
[data:1:108]
[database:1:8]
[databases:1:144]
[decision:1:8]
[decreasing:1:4]
[defined:1:32]
[delay:1:4]
[delivering:1:12]
[determined:1:4]
[different:1:16]
[distance:1:1032]
[distance(h.location,:1:4]
[distances:1:212]
[effectively:1:16]
[enough:1:12]
[entire:1:4]
[environments,:1:28]
[estimate:1:8]
[estimating:1:4]
[example,:1:60]
[feature:1:24]
[find:1:4]
[finds:1:20]
[focus:1:12]
[followed:1:4]
[follows::1:8]
[for:1:140]
[formulated:1:4]
[fraction:1:12]
[from:1:4]
[function:1:60]
[given:1:8]
[h,:1:12]
[h.name,:1:24]
[hand,:1:4]
[has:1:8]
[hotels:1:44]
[however,:1:4]
[if:1:12]
[image:1:148]
[impossible:1:4]
[in:1:204]
[incrementally:1:24]
[instead:1:8]
[interact:1:20]
[intermediate:1:8]
[internet:1:32]
[intersect}:1:4]
[introduced:1:268]
[is:1:52]
[it:1:12]
[join:1:2000]
[k;:1:16]
[knowledge,:1:12]
[literature.:1:8]
[long:1:4]
[many:1:52]
[matches:1:16]
[may:1:12]
[measure:1:24]
[method:1:4]
[metrics:1:28]
[more:1:188]
[multimedia:1:44]
[nearest:1:12]
[new:1:20]
[no:1:4]
[objects:1:40]
[objects.:1:8]
[obtaining:1:12]
[of:1:124]
[often:1:4]
[on:1:12]
[on-line:1:16]
[one:1:200]
[only:1:8]
[operation:1:516]
[operation.:1:4]
[operations:1:16]
[opportunity:1:8]
[optimization:1:4]
[or:1:172]
[order:1:4]
[other:1:148]
[our:1:8]
[overestimated,:1:4]
[pairs:1:40]
[pairs):1:20]
[pairs,:1:16]
[pairs.:1:4]
[performed:1:8]
[pose:1:112]
[practice,:1:4]
[precisely:1:16]
[predicate:1:8]
[predicted:1:24]
[processed:1:4]
[processing:1:28]
[processing.:1:40]
[produce:1:8]
[product:1:4]
[provides:1:44]
[query:1:68]
[query,:1:4]
[quickly.:1:8]
[quite:1:136]
[r:1:8]
[r.location):1:4]
[r.name:1:12]
[ranking:1:20]
[recently:1:300]
[reduced:1:16]
[relatively:1:8]
[reported:1:4]
[reports:1:28]
[requirement:1:8]
[requirements.:1:80]
[resources:1:12]
[restaurants).:1:4]
[restaurants::1:8]
[results:1:40]
[retrieves:1:4]
[say:1:8]
[search:1:48]
[set:1:4]
[sets:1:124]
[significantly:1:4]
[similarity:1:36]
[small:1:24]
[sort:1:12]
[sorting:1:20]
[space.:1:28]
[spatial:1:936]
[specific:1:52]
[stage:1:4]
[stopping:1:28]
[subsequent:1:4]
[such:1:48]
[support:1:12]
[system:1:4]
[systems:1:8]
[terms:1:160]
[that:1:104]
[the:1:88]
[them.:1:184]
[then:1:8]
[thereby:1:12]
[time:1:20]
[to:1:308]
[too:1:4]
[top:1:8]
[two:1:28]
[type:1:8]
[use:1:4]
[used:1:44]
[users:1:12]
[usually:1:76]
[value:1:20]
[values:1:24]
[various:1:28]
[was:1:368]
[waste:1:4]
[ways:1:56]
[we:1:4]
[well-matchedness.:1:48]
[where:1:12]
[which:1:4]
[will:1:8]
[with:1:40]
[within}:1:4]
[{\tt:1:12]
Total number of node accesses (AVL): 15272 (failed searches: 0)
Height: 14, Size: 251, SumFreq: 251, SumAccess: 15272
balancefactor: -1
CPU time for searching keys (AVL): 10 millisec

[3: is ways This resources retrieves]
[4: introduced it ``It instead It]
[5: associate associate]
[9: cardinality cardinality]
[12: spatial spatial Then]
[14: processing. restaurants). objects.]
[20: combined determined]
[21: attribute attribute]
[23: processing processing]
[25: relatively relatively]
[27: \ \]
[28: environments h.name knowledge]
[29: \ intersect}]
[30: optimization optimization]
[36: formulated processed]
[37: distance distance predicate candidate]
[44: small Specifically will all]
[45: \end{verbatim}\end{quote} within}]
[51: systems hotels]
[52: predicted reported]
[53: database on-line time r.name intermediate]
[55: ranking sorting]
[57: only only]
[60: < <]
[61: FROM FROM]
[62: operation quickly.]
[64: STOP STOP]
[65: A A]
[67: databases terms]
[68: and R$ $R$ find]
[69: one]
[70: cutoff]
[71: new long]
[73: usually]
[77: \dmax{} algorithm]
[78: well-matchedness. operation.]
[79: no]
[83: specific metrics]
[84: defined defined $k$ nearest product $\dist{rs}$ method]
[85: image we impossible accurate stage]
[86: of of]
[87: according obtaining]
[88: enough enough]
[89: many any opportunity pairs) r.location) S)]
[92: attributes answers pairs]
[93: from]
[94: between common on answers. pairs. On]
[95: two too]
[96: top]
[97: a a]
[98: or for For consider]
[100: support followed]
[101: feature the type produce estimate]
[103: decreasing allow stopping]
[105: thereby]
[106: restaurants:]
[107: k;]
[108: $k$ S$ and hand]
[110: $S$.]
[114: r]
[116: Restaurant performed]
[117: measure]
[118: if If]
[119: ``best'' delivering estimating]
[121: similarity incrementally BY]
[124: (\ie distance(h.location practice]
[126: join them. in can application In space. decision an Cartesian \Join \in]
[130: \mathcal{D}_{max}}(R \mathcal{D}_{max}}(R]
[131: was as has]
[132: that at SELECT]
[133: more be entire where]
[137: effectively say significantly may delay]
[142: function fraction]
[147: operations users pairs]
[148: requirement sort]
[149: pose Since use cause]
[152: such search which]
[153: by query]
[158: contain contain]
[161: data data]
[162: ORDER AFTER]
[164: different best interact almost]
[165: quite waste]
[167: already'' already'']
[168: with with]
[172: applications h overestimated]
[174: requirements. requirements.]
[175: to to]
[178: $r $r]
[179: sets various finds matches provides $s]
[180: used argued {\tt]
[181: value value]
[185: recently \sigma_{dist(rs) precisely]
[186: follows: follows:]
[188: example query Hotel however]
[189: system \begin{quote}\begin{verbatim}]
[190: often then given been literature.]
[193: multimedia multimedia]
[194: other order after our]
[195: distances objects reports results focus values]
[196: but internet reduced set subsequent]
CPU time to build the Hash Table: 40 millisec
Words inserted: 280 (insertions failed: 720); Storage util: 0.6436782 (hash entries: 280)
Words found: 2000 (searches failed: 0)
Total number of Hash Table accesses: 5092.0
CPU time for searching keys in the Hash Table: 10 millisec

Memory consumption: 11716136 bytes

