>> train: 2000words.txt, query: 2000words2.txt, LHsize: 128

[$R$:4:0]
[$S$.:4:0]
[$\dist{r,s}$:4:0]
[$k$:24:0]
[$k$,:12:0]
[$r:4:0]
[$s:4:0]
[(\ie,:8:0]
[<:4:0]
[A:12:0]
[AFTER:4:0]
[BY:4:0]
[Cartesian:4:0]
[FROM:4:0]
[For:8:0]
[Hotel:4:0]
[If:4:0]
[In:12:0]
[It:4:0]
[ORDER:4:0]
[On:4:0]
[R$:4:0]
[Restaurant:4:0]
[S$,:4:0]
[S):4:0]
[SELECT:4:0]
[STOP:4:0]
[Since:4:0]
[Specifically,:4:0]
[Then,:4:0]
[This:8:0]
[\Join:4:0]
[\[:4:0]
[\]:4:0]
[\begin{quote}\begin{verbatim}:4:0]
[\dmax{}:20:0]
[\end{verbatim}\end{quote}:4:0]
[\in:8:0]
[\mathcal{D}_{max}}(R:4:0]
[\sigma_{dist(r,s):4:0]
[``It:4:0]
[``best'':4:0]
[a:108:0]
[according:4:0]
[accurate:4:0]
[after:4:0]
[algorithm:4:0]
[all:4:0]
[allow:4:0]
[almost:4:0]
[already'':4:0]
[an:12:0]
[and:44:0]
[and,:4:0]
[answers,:4:0]
[answers.:4:0]
[any:4:0]
[application:4:0]
[applications,:4:0]
[argued:4:0]
[as:8:0]
[associate:4:0]
[at:4:0]
[attribute:4:0]
[attributes,:4:0]
[be:36:0]
[been:4:0]
[best:12:0]
[between:12:0]
[but:4:0]
[by:20:0]
[can:36:0]
[candidate:8:0]
[cardinality:20:0]
[cause:4:0]
[combined:4:0]
[common:4:0]
[consider:4:0]
[contain:4:0]
[cutoff:8:0]
[data:8:0]
[database:8:0]
[databases:4:0]
[decision:4:0]
[decreasing:4:0]
[defined:8:0]
[delay:4:0]
[delivering:4:0]
[determined:4:0]
[different:4:0]
[distance:40:0]
[distance(h.location,:4:0]
[distances:4:0]
[effectively:4:0]
[enough:8:0]
[entire:4:0]
[environments,:4:0]
[estimate:4:0]
[estimating:4:0]
[example,:8:0]
[feature:4:0]
[find:4:0]
[finds:4:0]
[focus:4:0]
[followed:4:0]
[follows::4:0]
[for:20:0]
[formulated:4:0]
[fraction:4:0]
[from:4:0]
[function:4:0]
[given:8:0]
[h,:4:0]
[h.name,:4:0]
[hand,:4:0]
[has:4:0]
[hotels:8:0]
[however,:4:0]
[if:8:0]
[image:4:0]
[impossible:4:0]
[in:24:0]
[incrementally:4:0]
[instead:8:0]
[interact:4:0]
[intermediate:8:0]
[internet:4:0]
[intersect}:4:0]
[introduced:4:0]
[is:40:0]
[it:12:0]
[join:32:0]
[k;:4:0]
[knowledge,:4:0]
[literature.:4:0]
[long:4:0]
[many:8:0]
[matches:4:0]
[may:12:0]
[measure:4:0]
[method:4:0]
[metrics:4:0]
[more:12:0]
[multimedia:4:0]
[nearest:12:0]
[new:4:0]
[no:4:0]
[objects:8:0]
[objects.:8:0]
[obtaining:4:0]
[of:64:0]
[often:4:0]
[on:8:0]
[on-line:4:0]
[one:4:0]
[only:8:0]
[operation:16:0]
[operation.:4:0]
[operations:4:0]
[opportunity:4:0]
[optimization:4:0]
[or:8:0]
[order:4:0]
[other:8:0]
[our:4:0]
[overestimated,:4:0]
[pairs:12:0]
[pairs):4:0]
[pairs,:8:0]
[pairs.:4:0]
[performed:4:0]
[pose:4:0]
[practice,:4:0]
[precisely:4:0]
[predicate:8:0]
[predicted:4:0]
[processed:4:0]
[processing:4:0]
[processing.:4:0]
[produce:4:0]
[product:4:0]
[provides:4:0]
[query:16:0]
[query,:4:0]
[quickly.:4:0]
[quite:4:0]
[r:4:0]
[r.location):4:0]
[r.name:4:0]
[ranking:8:0]
[recently:4:0]
[reduced:8:0]
[relatively:4:0]
[reported:4:0]
[reports:4:0]
[requirement:8:0]
[requirements.:4:0]
[resources:4:0]
[restaurants).:4:0]
[restaurants::4:0]
[results:20:0]
[retrieves:4:0]
[say:4:0]
[search:4:0]
[set:4:0]
[sets:8:0]
[significantly:4:0]
[similarity:4:0]
[small:4:0]
[sort:12:0]
[sorting:8:0]
[space.:4:0]
[spatial:52:0]
[specific:4:0]
[stage:4:0]
[stopping:20:0]
[subsequent:4:0]
[such:8:0]
[support:4:0]
[system:4:0]
[systems:4:0]
[terms:4:0]
[that:16:0]
[the:88:0]
[them.:4:0]
[then:8:0]
[thereby:4:0]
[time:8:0]
[to:48:0]
[too:4:0]
[top:4:0]
[two:12:0]
[type:4:0]
[use:4:0]
[used:4:0]
[users:12:0]
[usually:4:0]
[value:20:0]
[values:4:0]
[various:4:0]
[was:4:0]
[waste:4:0]
[ways:4:0]
[we:4:0]
[well-matchedness.:4:0]
[where:4:0]
[which:4:0]
[will:4:0]
[with:16:0]
[within}:4:0]
[{\tt:8:0]
CPU time to build a(n) BST: 190 millisec
[$R$:4:0]
[$S$.:4:0]
[$\dist{r,s}$:4:0]
[$k$:24:0]
[$k$,:12:0]
[$r:4:0]
[$s:4:0]
[(\ie,:8:0]
[<:4:0]
[A:12:0]
[AFTER:4:0]
[BY:4:0]
[Cartesian:4:0]
[FROM:4:0]
[For:8:0]
[Hotel:4:0]
[If:4:0]
[In:12:0]
[It:4:0]
[ORDER:4:0]
[On:4:0]
[R$:4:0]
[Restaurant:4:0]
[S$,:4:0]
[S):4:0]
[SELECT:4:0]
[STOP:4:0]
[Since:4:0]
[Specifically,:4:0]
[Then,:4:0]
[This:8:0]
[\Join:4:0]
[\[:4:0]
[\]:4:0]
[\begin{quote}\begin{verbatim}:4:0]
[\dmax{}:20:0]
[\end{verbatim}\end{quote}:4:0]
[\in:8:0]
[\mathcal{D}_{max}}(R:4:0]
[\sigma_{dist(r,s):4:0]
[``It:4:0]
[``best'':4:0]
[a:108:0]
[according:4:0]
[accurate:4:0]
[after:4:0]
[algorithm:4:0]
[all:4:0]
[allow:4:0]
[almost:4:0]
[already'':4:0]
[an:12:0]
[and:44:0]
[and,:4:0]
[answers,:4:0]
[answers.:4:0]
[any:4:0]
[application:4:0]
[applications,:4:0]
[argued:4:0]
[as:8:0]
[associate:4:0]
[at:4:0]
[attribute:4:0]
[attributes,:4:0]
[be:36:0]
[been:4:0]
[best:12:0]
[between:12:0]
[but:4:0]
[by:20:0]
[can:36:0]
[candidate:8:0]
[cardinality:20:0]
[cause:4:0]
[combined:4:0]
[common:4:0]
[consider:4:0]
[contain:4:0]
[cutoff:8:0]
[data:8:0]
[database:8:0]
[databases:4:0]
[decision:4:0]
[decreasing:4:0]
[defined:8:0]
[delay:4:0]
[delivering:4:0]
[determined:4:0]
[different:4:0]
[distance:40:0]
[distance(h.location,:4:0]
[distances:4:0]
[effectively:4:0]
[enough:8:0]
[entire:4:0]
[environments,:4:0]
[estimate:4:0]
[estimating:4:0]
[example,:8:0]
[feature:4:0]
[find:4:0]
[finds:4:0]
[focus:4:0]
[followed:4:0]
[follows::4:0]
[for:20:0]
[formulated:4:0]
[fraction:4:0]
[from:4:0]
[function:4:0]
[given:8:0]
[h,:4:0]
[h.name,:4:0]
[hand,:4:0]
[has:4:0]
[hotels:8:0]
[however,:4:0]
[if:8:0]
[image:4:0]
[impossible:4:0]
[in:24:0]
[incrementally:4:0]
[instead:8:0]
[interact:4:0]
[intermediate:8:0]
[internet:4:0]
[intersect}:4:0]
[introduced:4:0]
[is:40:0]
[it:12:0]
[join:32:0]
[k;:4:0]
[knowledge,:4:0]
[literature.:4:0]
[long:4:0]
[many:8:0]
[matches:4:0]
[may:12:0]
[measure:4:0]
[method:4:0]
[metrics:4:0]
[more:12:0]
[multimedia:4:0]
[nearest:12:0]
[new:4:0]
[no:4:0]
[objects:8:0]
[objects.:8:0]
[obtaining:4:0]
[of:64:0]
[often:4:0]
[on:8:0]
[on-line:4:0]
[one:4:0]
[only:8:0]
[operation:16:0]
[operation.:4:0]
[operations:4:0]
[opportunity:4:0]
[optimization:4:0]
[or:8:0]
[order:4:0]
[other:8:0]
[our:4:0]
[overestimated,:4:0]
[pairs:12:0]
[pairs):4:0]
[pairs,:8:0]
[pairs.:4:0]
[performed:4:0]
[pose:4:0]
[practice,:4:0]
[precisely:4:0]
[predicate:8:0]
[predicted:4:0]
[processed:4:0]
[processing:4:0]
[processing.:4:0]
[produce:4:0]
[product:4:0]
[provides:4:0]
[query:16:0]
[query,:4:0]
[quickly.:4:0]
[quite:4:0]
[r:4:0]
[r.location):4:0]
[r.name:4:0]
[ranking:8:0]
[recently:4:0]
[reduced:8:0]
[relatively:4:0]
[reported:4:0]
[reports:4:0]
[requirement:8:0]
[requirements.:4:0]
[resources:4:0]
[restaurants).:4:0]
[restaurants::4:0]
[results:20:0]
[retrieves:4:0]
[say:4:0]
[search:4:0]
[set:4:0]
[sets:8:0]
[significantly:4:0]
[similarity:4:0]
[small:4:0]
[sort:12:0]
[sorting:8:0]
[space.:4:0]
[spatial:52:0]
[specific:4:0]
[stage:4:0]
[stopping:20:0]
[subsequent:4:0]
[such:8:0]
[support:4:0]
[system:4:0]
[systems:4:0]
[terms:4:0]
[that:16:0]
[the:88:0]
[them.:4:0]
[then:8:0]
[thereby:4:0]
[time:8:0]
[to:48:0]
[too:4:0]
[top:4:0]
[two:12:0]
[type:4:0]
[use:4:0]
[used:4:0]
[users:12:0]
[usually:4:0]
[value:20:0]
[values:4:0]
[various:4:0]
[was:4:0]
[waste:4:0]
[ways:4:0]
[we:4:0]
[well-matchedness.:4:0]
[where:4:0]
[which:4:0]
[will:4:0]
[with:16:0]
[within}:4:0]
[{\tt:8:0]
CPU time to build a(n) AVL: 10 millisec
Number of words in the BST: 251 (number of insertions: 2000)
[$R$:1:59]
[$S$.:1:0]
[$\dist{r,s}$:1:59]
[$k$:1:141]
[$k$,:1:0]
[$r:1:0]
[$s:1:0]
[(\ie,:1:82]
[<:1:82]
[A:1:2001]
[AFTER:1:16]
[BY:1:56]
[Cartesian:1:40]
[FROM:1:60]
[For:1:144]
[Hotel:1:80]
[If:1:62]
[In:1:346]
[It:1:38]
[ORDER:1:96]
[On:1:38]
[R$:1:58]
[Restaurant:1:96]
[S$,:1:0]
[S):1:0]
[SELECT:1:98]
[STOP:1:2]
[Since:1:130]
[Specifically,:1:32]
[Then,:1:26]
[This:1:164]
[\Join:1:18]
[\[:1:18]
[\]:1:0]
[\begin{quote}\begin{verbatim}:1:26]
[\dmax{}:1:0]
[\end{verbatim}\end{quote}:1:8]
[\in:1:0]
[\mathcal{D}_{max}}(R:1:0]
[\sigma_{dist(r,s):1:8]
[``It:1:26]
[``best'':1:26]
[a:1:200]
[according:1:442]
[accurate:1:2]
[after:1:14]
[algorithm:1:12]
[all:1:4]
[allow:1:20]
[almost:1:0]
[already'':1:6]
[an:1:6]
[and:1:86]
[and,:1:10]
[answers,:1:10]
[answers.:1:10]
[any:1:0]
[application:1:96]
[applications,:1:10]
[argued:1:2]
[as:1:10]
[associate:1:610]
[at:1:16]
[attribute:1:0]
[attributes,:1:48]
[be:1:32]
[been:1:22]
[best:1:24]
[between:1:102]
[but:1:54]
[by:1:168]
[can:1:56]
[candidate:1:2]
[cardinality:1:26]
[cause:1:24]
[combined:1:26]
[common:1:50]
[consider:1:24]
[contain:1:20]
[cutoff:1:24]
[data:1:168]
[database:1:0]
[databases:1:628]
[decision:1:4]
[decreasing:1:2]
[defined:1:18]
[delay:1:0]
[delivering:1:10]
[determined:1:10]
[different:1:14]
[distance:1:1418]
[distance(h.location,:1:0]
[distances:1:278]
[effectively:1:62]
[enough:1:14]
[entire:1:8]
[environments,:1:70]
[estimate:1:8]
[estimating:1:8]
[example,:1:126]
[feature:1:56]
[find:1:6]
[finds:1:26]
[focus:1:20]
[followed:1:2]
[follows::1:4]
[for:1:250]
[formulated:1:10]
[fraction:1:22]
[from:1:12]
[function:1:120]
[given:1:26]
[h,:1:26]
[h.name,:1:88]
[hand,:1:2]
[has:1:62]
[hotels:1:98]
[however,:1:2]
[if:1:10]
[image:1:256]
[impossible:1:6]
[in:1:278]
[incrementally:1:0]
[instead:1:0]
[interact:1:0]
[intermediate:1:0]
[internet:1:10]
[intersect}:1:10]
[introduced:1:306]
[is:1:28]
[it:1:16]
[join:1:790]
[k;:1:58]
[knowledge,:1:56]
[literature.:1:54]
[long:1:32]
[many:1:100]
[matches:1:24]
[may:1:20]
[measure:1:30]
[method:1:6]
[metrics:1:38]
[more:1:280]
[multimedia:1:130]
[nearest:1:74]
[new:1:112]
[no:1:38]
[objects:1:112]
[objects.:1:0]
[obtaining:1:0]
[of:1:176]
[often:1:6]
[on:1:14]
[on-line:1:14]
[one:1:296]
[only:1:8]
[operation:1:484]
[operation.:1:0]
[operations:1:0]
[opportunity:1:0]
[optimization:1:0]
[or:1:58]
[order:1:0]
[other:1:42]
[our:1:4]
[overestimated,:1:2]
[pairs:1:16]
[pairs):1:12]
[pairs,:1:12]
[pairs.:1:4]
[performed:1:12]
[pose:1:28]
[practice,:1:0]
[precisely:1:0]
[predicate:1:0]
[predicted:1:2]
[processed:1:2]
[processing:1:2]
[processing.:1:6]
[produce:1:4]
[product:1:4]
[provides:1:12]
[query:1:12]
[query,:1:0]
[quickly.:1:0]
[quite:1:42]
[r:1:0]
[r.location):1:0]
[r.name:1:4]
[ranking:1:14]
[recently:1:188]
[reduced:1:10]
[relatively:1:8]
[reported:1:8]
[reports:1:10]
[requirement:1:0]
[requirements.:1:64]
[resources:1:2]
[restaurants).:1:2]
[restaurants::1:2]
[results:1:40]
[retrieves:1:32]
[say:1:38]
[search:1:54]
[set:1:14]
[sets:1:130]
[significantly:1:20]
[similarity:1:66]
[small:1:46]
[sort:1:32]
[sorting:1:42]
[space.:1:46]
[spatial:1:1860]
[specific:1:68]
[stage:1:36]
[stopping:1:40]
[subsequent:1:4]
[such:1:68]
[support:1:26]
[system:1:8]
[systems:1:24]
[terms:1:192]
[that:1:124]
[the:1:96]
[them.:1:258]
[then:1:24]
[thereby:1:64]
[time:1:66]
[to:1:330]
[too:1:2]
[top:1:12]
[two:1:42]
[type:1:30]
[use:1:30]
[used:1:42]
[users:1:0]
[usually:1:62]
[value:1:6]
[values:1:6]
[various:1:20]
[was:1:442]
[waste:1:0]
[ways:1:100]
[we:1:8]
[well-matchedness.:1:100]
[where:1:40]
[which:1:22]
[will:1:30]
[with:1:92]
[within}:1:40]
[{\tt:1:40]
Total number of node accesses (BST): 19556 (failed searches: 1541)
Height: 17, Size: 251, SumFreq: 251, SumAccess: 19556
balancefactor: -12
CPU time for searching keys (BST): 20 millisec
[$R$:1:59]
[$S$.:1:0]
[$\dist{r,s}$:1:59]
[$k$:1:141]
[$k$,:1:0]
[$r:1:0]
[$s:1:0]
[(\ie,:1:82]
[<:1:82]
[A:1:631]
[AFTER:1:16]
[BY:1:56]
[Cartesian:1:40]
[FROM:1:60]
[For:1:144]
[Hotel:1:80]
[If:1:62]
[In:1:276]
[It:1:38]
[ORDER:1:96]
[On:1:38]
[R$:1:58]
[Restaurant:1:96]
[S$,:1:0]
[S):1:0]
[SELECT:1:98]
[STOP:1:2]
[Since:1:130]
[Specifically,:1:32]
[Then,:1:26]
[This:1:346]
[\Join:1:18]
[\[:1:18]
[\]:1:0]
[\begin{quote}\begin{verbatim}:1:26]
[\dmax{}:1:0]
[\end{verbatim}\end{quote}:1:0]
[\in:1:0]
[\mathcal{D}_{max}}(R:1:8]
[\sigma_{dist(r,s):1:8]
[``It:1:26]
[``best'':1:26]
[a:1:62]
[according:1:442]
[accurate:1:2]
[after:1:14]
[algorithm:1:12]
[all:1:4]
[allow:1:20]
[almost:1:0]
[already'':1:6]
[an:1:6]
[and:1:86]
[and,:1:10]
[answers,:1:10]
[answers.:1:10]
[any:1:0]
[application:1:96]
[applications,:1:10]
[argued:1:2]
[as:1:10]
[associate:1:490]
[at:1:16]
[attribute:1:0]
[attributes,:1:48]
[be:1:32]
[been:1:22]
[best:1:24]
[between:1:769]
[but:1:54]
[by:1:138]
[can:1:56]
[candidate:1:2]
[cardinality:1:26]
[cause:1:24]
[combined:1:26]
[common:1:50]
[consider:1:24]
[contain:1:20]
[cutoff:1:24]
[data:1:56]
[database:1:0]
[databases:1:74]
[decision:1:4]
[decreasing:1:2]
[defined:1:18]
[delay:1:0]
[delivering:1:10]
[determined:1:10]
[different:1:14]
[distance:1:1075]
[distance(h.location,:1:0]
[distances:1:278]
[effectively:1:62]
[enough:1:14]
[entire:1:8]
[environments,:1:70]
[estimate:1:8]
[estimating:1:8]
[example,:1:126]
[feature:1:56]
[find:1:6]
[finds:1:26]
[focus:1:20]
[followed:1:2]
[follows::1:4]
[for:1:250]
[formulated:1:10]
[fraction:1:22]
[from:1:12]
[function:1:120]
[given:1:26]
[h,:1:26]
[h.name,:1:88]
[hand,:1:2]
[has:1:62]
[hotels:1:98]
[however,:1:2]
[if:1:10]
[image:1:256]
[impossible:1:6]
[in:1:278]
[incrementally:1:0]
[instead:1:0]
[interact:1:0]
[intermediate:1:0]
[internet:1:10]
[intersect}:1:10]
[introduced:1:306]
[is:1:28]
[it:1:16]
[join:1:2001]
[k;:1:58]
[knowledge,:1:56]
[literature.:1:54]
[long:1:32]
[many:1:100]
[matches:1:24]
[may:1:20]
[measure:1:30]
[method:1:6]
[metrics:1:38]
[more:1:280]
[multimedia:1:130]
[nearest:1:74]
[new:1:112]
[no:1:38]
[objects:1:112]
[objects.:1:0]
[obtaining:1:0]
[of:1:176]
[often:1:6]
[on:1:14]
[on-line:1:14]
[one:1:296]
[only:1:8]
[operation:1:484]
[operation.:1:0]
[operations:1:0]
[opportunity:1:0]
[optimization:1:0]
[or:1:58]
[order:1:0]
[other:1:42]
[our:1:4]
[overestimated,:1:2]
[pairs:1:16]
[pairs):1:12]
[pairs,:1:12]
[pairs.:1:4]
[performed:1:12]
[pose:1:28]
[practice,:1:0]
[precisely:1:0]
[predicate:1:0]
[predicted:1:2]
[processed:1:2]
[processing:1:2]
[processing.:1:6]
[produce:1:4]
[product:1:4]
[provides:1:12]
[query:1:12]
[query,:1:0]
[quickly.:1:0]
[quite:1:42]
[r:1:0]
[r.location):1:0]
[r.name:1:4]
[ranking:1:14]
[recently:1:188]
[reduced:1:10]
[relatively:1:8]
[reported:1:8]
[reports:1:10]
[requirement:1:0]
[requirements.:1:64]
[resources:1:2]
[restaurants).:1:2]
[restaurants::1:2]
[results:1:40]
[retrieves:1:32]
[say:1:38]
[search:1:54]
[set:1:14]
[sets:1:130]
[significantly:1:20]
[similarity:1:66]
[small:1:46]
[sort:1:32]
[sorting:1:42]
[space.:1:46]
[spatial:1:926]
[specific:1:68]
[stage:1:36]
[stopping:1:40]
[subsequent:1:4]
[such:1:68]
[support:1:26]
[system:1:8]
[systems:1:24]
[terms:1:192]
[that:1:124]
[the:1:96]
[them.:1:258]
[then:1:24]
[thereby:1:64]
[time:1:66]
[to:1:330]
[too:1:2]
[top:1:12]
[two:1:42]
[type:1:30]
[use:1:30]
[used:1:42]
[users:1:0]
[usually:1:62]
[value:1:6]
[values:1:6]
[various:1:20]
[was:1:442]
[waste:1:0]
[ways:1:100]
[we:1:8]
[well-matchedness.:1:100]
[where:1:40]
[which:1:22]
[will:1:30]
[with:1:92]
[within}:1:40]
[{\tt:1:40]
Total number of node accesses (AVL): 17945 (failed searches: 1541)
Height: 14, Size: 251, SumFreq: 251, SumAccess: 17945
balancefactor: -1
CPU time for searching keys (AVL): 20 millisec

[3: is ways This resources retrieves]
[4: introduced it ``It instead It]
[5: associate associate]
[9: cardinality cardinality]
[12: spatial spatial Then]
[14: processing. restaurants). objects.]
[20: combined determined]
[21: attribute attribute]
[23: processing processing]
[25: relatively relatively]
[27: \ \]
[28: environments h.name knowledge]
[29: \ intersect}]
[30: optimization optimization]
[36: formulated processed]
[37: distance distance predicate candidate]
[44: small Specifically will all]
[45: \end{verbatim}\end{quote} within}]
[51: systems hotels]
[52: predicted reported]
[53: database on-line time r.name intermediate]
[55: ranking sorting]
[57: only only]
[60: < <]
[61: FROM FROM]
[62: operation quickly.]
[64: STOP STOP]
[65: A A]
[67: databases terms]
[68: and R$ $R$ find]
[69: one]
[70: cutoff]
[71: new long]
[73: usually]
[77: \dmax{} algorithm]
[78: well-matchedness. operation.]
[79: no]
[83: specific metrics]
[84: defined defined $k$ nearest product $\dist{rs}$ method]
[85: image we impossible accurate stage]
[86: of of]
[87: according obtaining]
[88: enough enough]
[89: many any opportunity pairs) r.location) S)]
[92: attributes answers pairs]
[93: from]
[94: between common on answers. pairs. On]
[95: two too]
[96: top]
[97: a a]
[98: or for For consider]
[100: support followed]
[101: feature the type produce estimate]
[103: decreasing allow stopping]
[105: thereby]
[106: restaurants:]
[107: k;]
[108: $k$ S$ and hand]
[110: $S$.]
[114: r]
[116: Restaurant performed]
[117: measure]
[118: if If]
[119: ``best'' delivering estimating]
[121: similarity incrementally BY]
[124: (\ie distance(h.location practice]
[126: join them. in can application In space. decision an Cartesian \Join \in]
[130: \mathcal{D}_{max}}(R \mathcal{D}_{max}}(R]
[131: was as has]
[132: that at SELECT]
[133: more be entire where]
[137: effectively say significantly may delay]
[142: function fraction]
[147: operations users pairs]
[148: requirement sort]
[149: pose Since use cause]
[152: such search which]
[153: by query]
[158: contain contain]
[161: data data]
[162: ORDER AFTER]
[164: different best interact almost]
[165: quite waste]
[167: already'' already'']
[168: with with]
[172: applications h overestimated]
[174: requirements. requirements.]
[175: to to]
[178: $r $r]
[179: sets various finds matches provides $s]
[180: used argued {\tt]
[181: value value]
[185: recently \sigma_{dist(rs) precisely]
[186: follows: follows:]
[188: example query Hotel however]
[189: system \begin{quote}\begin{verbatim}]
[190: often then given been literature.]
[193: multimedia multimedia]
[194: other order after our]
[195: distances objects reports results focus values]
[196: but internet reduced set subsequent]
CPU time to build the Hash Table: 0 millisec
Words inserted: 280 (insertions failed: 1720); Storage util: 0.6436782 (hash entries: 280)
Words found: 460 (searches failed: 1541)
Total number of Hash Table accesses: 5633.0
CPU time for searching keys in the Hash Table: 0 millisec

Memory consumption: 12764712 bytes

